[ 2017-06-06T09:05:05+08:00 ] ::1 /bjtu/index.php/home/index/displayComment
INFO: [ app_begin ] --START--
INFO: Run Behavior\ReadHtmlCache [ RunTime:0.012195s ]
INFO: [ app_begin ] --END-- [ RunTime:0.024925s ]
NOTIC: [2048] Declaration of Home\Model\CommentModel::save() should be compatible with Think\Model::save($data = '', $options = Array) J:\phpStudy\WWW\BJTU\Application\Home\Model\CommentModel.class.php 第 12 行.
SQL: SHOW COLUMNS FROM `comment` [ RunTime:0.061698s ]
NOTIC: [8] Undefined index: anid J:\phpStudy\WWW\BJTU\Application\Home\Controller\IndexController.class.php 第 43 行.
SQL: SELECT comment.content commentcontent,user.name 
              uname,user.id uid,user.image uimage 
              FROM comment ,answer_comment,user,user_comment
              where comment.id=answer_comment.coid and  
              answer_comment.anid =1 and user.id=user_comment.uid
              and comment.id = user_comment.coid; [ RunTime:0.043821s ]
INFO: [ app_end ] --START--
INFO: Run Behavior\ShowPageTrace [ RunTime:0.007054s ]
INFO: [ app_end ] --END-- [ RunTime:0.007117s ]

[ 2017-06-06T09:05:32+08:00 ] ::1 /bjtu/index.php/home/index/post
INFO: [ app_begin ] --START--
INFO: Run Behavior\ReadHtmlCache [ RunTime:0.000593s ]
INFO: [ app_begin ] --END-- [ RunTime:0.000961s ]
NOTIC: [2048] Declaration of Home\Model\PostModel::save() should be compatible with Think\Model::save($data = '', $options = Array) J:\phpStudy\WWW\BJTU\Application\Home\Model\PostModel.class.php 第 6 行.
SQL: SHOW COLUMNS FROM `post` [ RunTime:0.058369s ]

[ 2017-06-06T09:06:22+08:00 ] ::1 /bjtu/index.php/home/index/post
INFO: [ app_begin ] --START--
INFO: Run Behavior\ReadHtmlCache [ RunTime:0.000496s ]
INFO: [ app_begin ] --END-- [ RunTime:0.000833s ]
NOTIC: [2048] Declaration of Home\Model\PostModel::save() should be compatible with Think\Model::save($data = '', $options = Array) J:\phpStudy\WWW\BJTU\Application\Home\Model\PostModel.class.php 第 6 行.
SQL: SHOW COLUMNS FROM `post` [ RunTime:0.027917s ]
SQL: SHOW COLUMNS FROM `post` [ RunTime:0.011925s ]
SQL: INSERT INTO `post` (`title`,`content`,`type`) VALUES ('毕业旅游','又是一年毕业季，现在结束毕设答辩之后，可以给我们推荐一下好玩好去的地方吗？',3) [ RunTime:0.001764s ]
SQL:  SELECT LAST_INSERT_ID() [ RunTime:0.001280s ]
SQL: SHOW COLUMNS FROM `user_post` [ RunTime:0.050348s ]
SQL: INSERT INTO `user_post` (`uid`) VALUES (2) [ RunTime:0.000578s ]
INFO: [ app_end ] --START--
INFO: Run Behavior\ShowPageTrace [ RunTime:0.001718s ]
INFO: [ app_end ] --END-- [ RunTime:0.001878s ]

[ 2017-06-06T09:11:58+08:00 ] ::1 /bjtu/index.php/home/index/post
INFO: [ app_begin ] --START--
INFO: Run Behavior\ReadHtmlCache [ RunTime:0.012108s ]
INFO: [ app_begin ] --END-- [ RunTime:0.020186s ]
NOTIC: [2048] Declaration of Home\Model\PostModel::save() should be compatible with Think\Model::save($data = '', $options = Array) J:\phpStudy\WWW\BJTU\Application\Home\Model\PostModel.class.php 第 6 行.
SQL: SHOW COLUMNS FROM `post` [ RunTime:0.035003s ]
SQL: SHOW COLUMNS FROM `post` [ RunTime:0.010895s ]
SQL: INSERT INTO `post` (`title`,`content`,`type`) VALUES ('选课指导','选什么课既轻松，又有趣？',4) [ RunTime:0.000325s ]
SQL: SELECT LAST_INSERT_ID() [ RunTime:0.000195s ]
SQL: SHOW COLUMNS FROM `user_post` [ RunTime:0.014913s ]
SQL: INSERT INTO `user_post` (`uid`) VALUES (3) [ RunTime:0.000322s ]
INFO: [ app_end ] --START--
INFO: Run Behavior\ShowPageTrace [ RunTime:0.014884s ]
INFO: [ app_end ] --END-- [ RunTime:0.015006s ]

[ 2017-06-06T09:14:15+08:00 ] ::1 /bjtu/index.php/home/index/post
INFO: [ app_begin ] --START--
INFO: Run Behavior\ReadHtmlCache [ RunTime:0.000600s ]
INFO: [ app_begin ] --END-- [ RunTime:0.000973s ]
NOTIC: [2048] Declaration of Home\Model\PostModel::save() should be compatible with Think\Model::save($data = '', $options = Array) J:\phpStudy\WWW\BJTU\Application\Home\Model\PostModel.class.php 第 6 行.
SQL: SHOW COLUMNS FROM `post` [ RunTime:0.030924s ]
SQL: SHOW COLUMNS FROM `post` [ RunTime:0.012913s ]
SQL: INSERT INTO `post` (`title`,`content`,`type`) VALUES ('选课指导','选什么课既轻松，又有趣？',5) [ RunTime:0.000563s ]
SQL: SELECT LAST_INSERT_ID() [ RunTime:0.000366s ]
NOTIC: [8] Array to string conversion J:\phpStudy\WWW\BJTU\Application\Home\Model\PostModel.class.php 第 33 行.
INFO: [ app_end ] --START--
INFO: Run Behavior\ShowPageTrace [ RunTime:0.002483s ]
INFO: [ app_end ] --END-- [ RunTime:0.002667s ]

[ 2017-06-06T09:15:43+08:00 ] ::1 /bjtu/index.php/home/index/post
INFO: [ app_begin ] --START--
INFO: Run Behavior\ReadHtmlCache [ RunTime:0.000593s ]
INFO: [ app_begin ] --END-- [ RunTime:0.000961s ]
NOTIC: [2048] Declaration of Home\Model\PostModel::save() should be compatible with Think\Model::save($data = '', $options = Array) J:\phpStudy\WWW\BJTU\Application\Home\Model\PostModel.class.php 第 6 行.
SQL: SHOW COLUMNS FROM `post` [ RunTime:0.027005s ]
SQL: SHOW COLUMNS FROM `post` [ RunTime:0.012883s ]
SQL: INSERT INTO `post` (`title`,`content`,`type`) VALUES ('选课指导','选什么课既轻松，又有趣？',5) [ RunTime:0.000545s ]
INFO: [ app_end ] --START--
INFO: Run Behavior\ShowPageTrace [ RunTime:0.001942s ]
INFO: [ app_end ] --END-- [ RunTime:0.002133s ]

[ 2017-06-06T09:17:17+08:00 ] ::1 /bjtu/index.php/home/index/post
INFO: [ app_begin ] --START--
INFO: Run Behavior\ReadHtmlCache [ RunTime:0.000588s ]
INFO: [ app_begin ] --END-- [ RunTime:0.000948s ]
NOTIC: [2048] Declaration of Home\Model\PostModel::save() should be compatible with Think\Model::save($data = '', $options = Array) J:\phpStudy\WWW\BJTU\Application\Home\Model\PostModel.class.php 第 6 行.
SQL: SHOW COLUMNS FROM `post` [ RunTime:0.026196s ]
SQL: SHOW COLUMNS FROM `post` [ RunTime:0.009809s ]
SQL: INSERT INTO `post` (`title`,`content`,`type`) VALUES ('选课指导','选什么课既轻松，又有趣？',5) [ RunTime:0.000303s ]
INFO: [ app_end ] --START--
INFO: Run Behavior\ShowPageTrace [ RunTime:0.001112s ]
INFO: [ app_end ] --END-- [ RunTime:0.001200s ]

[ 2017-06-06T09:20:23+08:00 ] ::1 /bjtu/index.php/home/index/post
INFO: [ app_begin ] --START--
INFO: Run Behavior\ReadHtmlCache [ RunTime:0.000601s ]
INFO: [ app_begin ] --END-- [ RunTime:0.000967s ]
NOTIC: [2048] Declaration of Home\Model\PostModel::save() should be compatible with Think\Model::save($data = '', $options = Array) J:\phpStudy\WWW\BJTU\Application\Home\Model\PostModel.class.php 第 6 行.
SQL: SHOW COLUMNS FROM `post` [ RunTime:0.030267s ]
SQL: SHOW COLUMNS FROM `post` [ RunTime:0.012095s ]
SQL: INSERT INTO `post` (`title`,`content`,`type`) VALUES ('选课指导','选什么课既轻松，又有趣？',5) [ RunTime:0.000506s ]
SQL: SHOW COLUMNS FROM `user_post` [ RunTime:0.019543s ]
SQL: INSERT INTO `user_post` (`uid`,`pid`) VALUES (3,12) [ RunTime:0.000551s ]
INFO: [ app_end ] --START--
INFO: Run Behavior\ShowPageTrace [ RunTime:0.002003s ]
INFO: [ app_end ] --END-- [ RunTime:0.002169s ]

[ 2017-06-06T09:26:39+08:00 ] ::1 /bjtu/index.php/home/index/answer
INFO: [ app_begin ] --START--
INFO: Run Behavior\ReadHtmlCache [ RunTime:0.000588s ]
INFO: [ app_begin ] --END-- [ RunTime:0.000959s ]
NOTIC: [2048] Declaration of Home\Model\AnswerModel::save() should be compatible with Think\Model::save($data = '', $options = Array) J:\phpStudy\WWW\BJTU\Application\Home\Model\AnswerModel.class.php 第 12 行.
SQL: SHOW COLUMNS FROM `answer` [ RunTime:0.049926s ]
SQL: SHOW COLUMNS FROM `answer` [ RunTime:0.006311s ]
SQL: SHOW COLUMNS FROM `post_answer` [ RunTime:0.023166s ]
SQL: SHOW COLUMNS FROM `user_answer` [ RunTime:0.024485s ]
SQL: INSERT INTO `answer` (`content`) VALUES ('选什么课也不能选壳牌入门，我简直被这个老师折磨到死！感觉这个老师把这门选修课当成了专业课，你千万别选，选了必然后悔！！！切记。') [ RunTime:0.000569s ]
SQL: INSERT INTO `post_answer` (`pid`) VALUES (12) [ RunTime:0.000274s ]
SQL: INSERT INTO `user_answer` (`uid`,`anid`) VALUES (4,7) [ RunTime:0.000282s ]
INFO: [ app_end ] --START--
INFO: Run Behavior\ShowPageTrace [ RunTime:0.000686s ]
INFO: [ app_end ] --END-- [ RunTime:0.000739s ]

[ 2017-06-06T09:30:34+08:00 ] ::1 /bjtu/index.php/home/index/answer
INFO: [ app_begin ] --START--
INFO: Run Behavior\ReadHtmlCache [ RunTime:0.000601s ]
INFO: [ app_begin ] --END-- [ RunTime:0.000984s ]
NOTIC: [2048] Declaration of Home\Model\AnswerModel::save() should be compatible with Think\Model::save($data = '', $options = Array) J:\phpStudy\WWW\BJTU\Application\Home\Model\AnswerModel.class.php 第 12 行.
SQL: SHOW COLUMNS FROM `answer` [ RunTime:0.028341s ]
SQL: SHOW COLUMNS FROM `answer` [ RunTime:0.011935s ]
SQL: SHOW COLUMNS FROM `post_answer` [ RunTime:0.018971s ]
SQL: SHOW COLUMNS FROM `user_answer` [ RunTime:0.018916s ]
SQL: INSERT INTO `answer` (`content`) VALUES ('软件专业别选张奶奶，这简直会让你怀疑人生。') [ RunTime:0.000519s ]
SQL: INSERT INTO `post_answer` (`pid`,`anid`) VALUES (12,8) [ RunTime:0.000658s ]
SQL: INSERT INTO `user_answer` (`uid`,`anid`) VALUES (5,8) [ RunTime:0.000495s ]
INFO: [ app_end ] --START--
INFO: Run Behavior\ShowPageTrace [ RunTime:0.001964s ]
INFO: [ app_end ] --END-- [ RunTime:0.002122s ]

[ 2017-06-06T09:32:28+08:00 ] ::1 /bjtu/index.php
INFO: [ app_begin ] --START--
INFO: Run Behavior\ReadHtmlCache [ RunTime:0.001532s ]
INFO: [ app_begin ] --END-- [ RunTime:0.002215s ]
SQL: SHOW COLUMNS FROM `combine` [ RunTime:0.016527s ]
ERR: 1146:Table 'bjtu.combine' doesn't exist
 [ SQL语句 ] : SHOW COLUMNS FROM `combine`
NOTIC: [2048] Declaration of Home\Model\PostModel::save() should be compatible with Think\Model::save($data = '', $options = Array) J:\phpStudy\WWW\BJTU\Application\Home\Model\PostModel.class.php 第 34 行.
SQL: SHOW COLUMNS FROM `post` [ RunTime:0.027407s ]
SQL: SHOW COLUMNS FROM `topic` [ RunTime:0.022378s ]
NOTIC: [2048] Declaration of Home\Model\AnswerModel::save() should be compatible with Think\Model::save($data = '', $options = Array) J:\phpStudy\WWW\BJTU\Application\Home\Model\AnswerModel.class.php 第 38 行.
SQL: SHOW COLUMNS FROM `answer` [ RunTime:0.007259s ]
SQL: select  id pid,createtime,followNumber,title,type from post; [ RunTime:0.000254s ]
SQL: select  answer.content answercontent,commentNumber,likeNumber,answer.id anid,user.name uname 
                     from post_answer,answer,user ,user_answer
                     where user.id = user_answer.uid and answer.id =user_answer.anid
                    and post_answer.anid =answer.id and post_answer.pid =4 [ RunTime:0.000380s ]
SQL: SHOW COLUMNS FROM `topic` [ RunTime:0.003929s ]
SQL: SELECT * FROM `topic` WHERE ( tid =1 ) LIMIT 1   [ RunTime:0.000231s ]
SQL: select  answer.content answercontent,commentNumber,likeNumber,answer.id anid,user.name uname 
                     from post_answer,answer,user ,user_answer
                     where user.id = user_answer.uid and answer.id =user_answer.anid
                    and post_answer.anid =answer.id and post_answer.pid =5 [ RunTime:0.000335s ]
SQL: SELECT * FROM `topic` WHERE ( tid =3 ) LIMIT 1   [ RunTime:0.000171s ]
SQL: select  answer.content answercontent,commentNumber,likeNumber,answer.id anid,user.name uname 
                     from post_answer,answer,user ,user_answer
                     where user.id = user_answer.uid and answer.id =user_answer.anid
                    and post_answer.anid =answer.id and post_answer.pid =6 [ RunTime:0.000261s ]
SQL: SELECT * FROM `topic` WHERE ( tid =2 ) LIMIT 1   [ RunTime:0.000164s ]
SQL: select  answer.content answercontent,commentNumber,likeNumber,answer.id anid,user.name uname 
                     from post_answer,answer,user ,user_answer
                     where user.id = user_answer.uid and answer.id =user_answer.anid
                    and post_answer.anid =answer.id and post_answer.pid =12 [ RunTime:0.000273s ]
SQL: SELECT * FROM `topic` WHERE ( tid =5 ) LIMIT 1   [ RunTime:0.000155s ]
INFO: [ app_end ] --START--
INFO: Run Behavior\ShowPageTrace [ RunTime:0.001319s ]
INFO: [ app_end ] --END-- [ RunTime:0.001376s ]

[ 2017-06-06T09:32:50+08:00 ] ::1 /bjtu/index.php/home/index/comment
INFO: [ app_begin ] --START--
INFO: Run Behavior\ReadHtmlCache [ RunTime:0.000721s ]
INFO: [ app_begin ] --END-- [ RunTime:0.001111s ]
NOTIC: [8] Undefined index: pid J:\phpStudy\WWW\BJTU\Application\Home\Controller\IndexController.class.php 第 86 行.
NOTIC: [2048] Declaration of Home\Model\CommentModel::save() should be compatible with Think\Model::save($data = '', $options = Array) J:\phpStudy\WWW\BJTU\Application\Home\Model\CommentModel.class.php 第 12 行.
SQL: SHOW COLUMNS FROM `comment` [ RunTime:0.035638s ]
SQL: SHOW COLUMNS FROM `comment` [ RunTime:0.010513s ]
SQL: SHOW COLUMNS FROM `answer_comment` [ RunTime:0.019401s ]
SQL: SHOW COLUMNS FROM `user_comment` [ RunTime:0.026449s ]
SQL: INSERT INTO `comment` (`content`) VALUES ('我觉得你说的还是有点问题，涨奶奶人挺好的！。') [ RunTime:0.000630s ]
SQL: INSERT INTO `answer_comment` (`coid`) VALUES (5) [ RunTime:0.000589s ]
SQL: INSERT INTO `user_comment` (`coid`) VALUES (5) [ RunTime:0.000600s ]
INFO: [ app_end ] --START--
INFO: Run Behavior\ShowPageTrace [ RunTime:0.002482s ]
INFO: [ app_end ] --END-- [ RunTime:0.002643s ]

[ 2017-06-06T09:35:41+08:00 ] ::1 /bjtu/index.php/home/index/comment
INFO: [ app_begin ] --START--
INFO: Run Behavior\ReadHtmlCache [ RunTime:0.000611s ]
INFO: [ app_begin ] --END-- [ RunTime:0.000977s ]
NOTIC: [2048] Declaration of Home\Model\CommentModel::save() should be compatible with Think\Model::save($data = '', $options = Array) J:\phpStudy\WWW\BJTU\Application\Home\Model\CommentModel.class.php 第 12 行.
SQL: SHOW COLUMNS FROM `comment` [ RunTime:0.042800s ]
SQL: SHOW COLUMNS FROM `comment` [ RunTime:0.012968s ]
SQL: SHOW COLUMNS FROM `answer_comment` [ RunTime:0.018789s ]
SQL: SHOW COLUMNS FROM `user_comment` [ RunTime:0.010118s ]
SQL: INSERT INTO `comment` (`content`) VALUES ('说实话张奶奶挺严厉！。') [ RunTime:0.000354s ]
SQL: INSERT INTO `answer_comment` (`coid`) VALUES (6) [ RunTime:0.000288s ]
SQL: INSERT INTO `user_comment` (`coid`) VALUES (6) [ RunTime:0.000251s ]
INFO: [ app_end ] --START--
INFO: Run Behavior\ShowPageTrace [ RunTime:0.001049s ]
INFO: [ app_end ] --END-- [ RunTime:0.001136s ]

[ 2017-06-06T09:37:22+08:00 ] ::1 /bjtu/index.php/home/index/comment
INFO: [ app_begin ] --START--
INFO: Run Behavior\ReadHtmlCache [ RunTime:0.000765s ]
INFO: [ app_begin ] --END-- [ RunTime:0.001166s ]
NOTIC: [2048] Declaration of Home\Model\CommentModel::save() should be compatible with Think\Model::save($data = '', $options = Array) J:\phpStudy\WWW\BJTU\Application\Home\Model\CommentModel.class.php 第 12 行.
SQL: SHOW COLUMNS FROM `comment` [ RunTime:0.029593s ]
SQL: SHOW COLUMNS FROM `comment` [ RunTime:0.011086s ]
SQL: SHOW COLUMNS FROM `answer_comment` [ RunTime:0.018905s ]
SQL: SHOW COLUMNS FROM `user_comment` [ RunTime:0.019806s ]
SQL: INSERT INTO `comment` (`content`) VALUES ('我觉得学到知识最重要，所以选她没错！。') [ RunTime:0.000564s ]
SQL: INSERT INTO `answer_comment` (`anid`,`coid`) VALUES (8,7) [ RunTime:0.000486s ]
SQL: INSERT INTO `user_comment` (`uid`,`coid`) VALUES (3,7) [ RunTime:0.000499s ]
INFO: [ app_end ] --START--
INFO: Run Behavior\ShowPageTrace [ RunTime:0.002365s ]
INFO: [ app_end ] --END-- [ RunTime:0.002529s ]

[ 2017-06-06T09:39:10+08:00 ] ::1 /bjtu/index.php/home/index/index
INFO: [ app_begin ] --START--
INFO: Run Behavior\ReadHtmlCache [ RunTime:0.000592s ]
INFO: [ app_begin ] --END-- [ RunTime:0.000970s ]
SQL: SHOW COLUMNS FROM `combine` [ RunTime:0.016418s ]
ERR: 1146:Table 'bjtu.combine' doesn't exist
 [ SQL语句 ] : SHOW COLUMNS FROM `combine`
NOTIC: [2048] Declaration of Home\Model\PostModel::save() should be compatible with Think\Model::save($data = '', $options = Array) J:\phpStudy\WWW\BJTU\Application\Home\Model\PostModel.class.php 第 34 行.
SQL: SHOW COLUMNS FROM `post` [ RunTime:0.019546s ]
SQL: SHOW COLUMNS FROM `topic` [ RunTime:0.019020s ]
NOTIC: [2048] Declaration of Home\Model\AnswerModel::save() should be compatible with Think\Model::save($data = '', $options = Array) J:\phpStudy\WWW\BJTU\Application\Home\Model\AnswerModel.class.php 第 38 行.
SQL: SHOW COLUMNS FROM `answer` [ RunTime:0.027789s ]
SQL: select  id pid,createtime,followNumber,title,type from post; [ RunTime:0.000676s ]
SQL: select  answer.content answercontent,commentNumber,likeNumber,answer.id anid,user.name uname 
                     from post_answer,answer,user ,user_answer
                     where user.id = user_answer.uid and answer.id =user_answer.anid
                    and post_answer.anid =answer.id and post_answer.pid =4 [ RunTime:0.019891s ]
SQL: SHOW COLUMNS FROM `topic` [ RunTime:0.023983s ]
SQL: SELECT * FROM `topic` WHERE ( tid =1 ) LIMIT 1   [ RunTime:0.000654s ]
SQL: select  answer.content answercontent,commentNumber,likeNumber,answer.id anid,user.name uname 
                     from post_answer,answer,user ,user_answer
                     where user.id = user_answer.uid and answer.id =user_answer.anid
                    and post_answer.anid =answer.id and post_answer.pid =5 [ RunTime:0.001026s ]
SQL: SELECT * FROM `topic` WHERE ( tid =3 ) LIMIT 1   [ RunTime:0.000625s ]
SQL: select  answer.content answercontent,commentNumber,likeNumber,answer.id anid,user.name uname 
                     from post_answer,answer,user ,user_answer
                     where user.id = user_answer.uid and answer.id =user_answer.anid
                    and post_answer.anid =answer.id and post_answer.pid =6 [ RunTime:0.000807s ]
SQL: SELECT * FROM `topic` WHERE ( tid =2 ) LIMIT 1   [ RunTime:0.000501s ]
SQL: select  answer.content answercontent,commentNumber,likeNumber,answer.id anid,user.name uname 
                     from post_answer,answer,user ,user_answer
                     where user.id = user_answer.uid and answer.id =user_answer.anid
                    and post_answer.anid =answer.id and post_answer.pid =12 [ RunTime:0.000835s ]
SQL: SELECT * FROM `topic` WHERE ( tid =5 ) LIMIT 1   [ RunTime:0.000484s ]
INFO: [ app_end ] --START--
INFO: Run Behavior\ShowPageTrace [ RunTime:0.001892s ]
INFO: [ app_end ] --END-- [ RunTime:0.002049s ]

[ 2017-06-06T09:40:25+08:00 ] ::1 /bjtu/index.php/home/index/search
INFO: [ app_begin ] --START--
INFO: Run Behavior\ReadHtmlCache [ RunTime:0.000718s ]
INFO: [ app_begin ] --END-- [ RunTime:0.001079s ]
NOTIC: [2048] Declaration of Home\Model\PostModel::save() should be compatible with Think\Model::save($data = '', $options = Array) J:\phpStudy\WWW\BJTU\Application\Home\Model\PostModel.class.php 第 6 行.
SQL: SHOW COLUMNS FROM `post` [ RunTime:0.025755s ]
SQL: select id pid,title posttitle ,followNumber from post where title like '%美食%' [ RunTime:0.000562s ]
INFO: [ app_end ] --START--
INFO: Run Behavior\ShowPageTrace [ RunTime:0.001627s ]
INFO: [ app_end ] --END-- [ RunTime:0.001748s ]

[ 2017-06-06T09:40:39+08:00 ] ::1 /bjtu/index.php/home/index/search
INFO: [ app_begin ] --START--
INFO: Run Behavior\ReadHtmlCache [ RunTime:0.000488s ]
INFO: [ app_begin ] --END-- [ RunTime:0.000816s ]
NOTIC: [2048] Declaration of Home\Model\PostModel::save() should be compatible with Think\Model::save($data = '', $options = Array) J:\phpStudy\WWW\BJTU\Application\Home\Model\PostModel.class.php 第 6 行.
SQL: SHOW COLUMNS FROM `post` [ RunTime:0.027847s ]
SQL: select id pid,title posttitle ,followNumber from post where title like '%交大%' [ RunTime:0.000637s ]
INFO: [ app_end ] --START--
INFO: Run Behavior\ShowPageTrace [ RunTime:0.001638s ]
INFO: [ app_end ] --END-- [ RunTime:0.001797s ]

[ 2017-06-06T09:40:52+08:00 ] ::1 /bjtu/index.php/home/index/search
INFO: [ app_begin ] --START--
INFO: Run Behavior\ReadHtmlCache [ RunTime:0.000690s ]
INFO: [ app_begin ] --END-- [ RunTime:0.001048s ]
NOTIC: [2048] Declaration of Home\Model\PostModel::save() should be compatible with Think\Model::save($data = '', $options = Array) J:\phpStudy\WWW\BJTU\Application\Home\Model\PostModel.class.php 第 6 行.
SQL: SHOW COLUMNS FROM `post` [ RunTime:0.023843s ]
SQL: select id pid,title posttitle ,followNumber from post where title like '%%' [ RunTime:0.000399s ]
INFO: [ app_end ] --START--
INFO: Run Behavior\ShowPageTrace [ RunTime:0.001388s ]
INFO: [ app_end ] --END-- [ RunTime:0.001491s ]

[ 2017-06-06T09:41:48+08:00 ] ::1 /bjtu/index.php/home/index/detail
INFO: [ app_begin ] --START--
INFO: Run Behavior\ReadHtmlCache [ RunTime:0.000590s ]
INFO: [ app_begin ] --END-- [ RunTime:0.000956s ]
NOTIC: [2048] Declaration of Home\Model\PostModel::save() should be compatible with Think\Model::save($data = '', $options = Array) J:\phpStudy\WWW\BJTU\Application\Home\Model\PostModel.class.php 第 6 行.
SQL: SHOW COLUMNS FROM `post` [ RunTime:0.008793s ]
NOTIC: [2048] Declaration of Home\Model\AnswerModel::save() should be compatible with Think\Model::save($data = '', $options = Array) J:\phpStudy\WWW\BJTU\Application\Home\Model\AnswerModel.class.php 第 38 行.
SQL: SHOW COLUMNS FROM `answer` [ RunTime:0.005604s ]
SQL: select  post.ID pid,title posttitle ,content postcontent ,createtime postcreatetime ,name uname from 
                    post,user_post,user where post.id =8 
                    and post.id =user_post.pid 
                    and user.id =user_post.uid; [ RunTime:0.000397s ]
SQL: select  answer.content answercontent,commentNumber,likeNumber,answer.id anid,user.name uname 
                     from post_answer,answer,user ,user_answer
                     where user.id = user_answer.uid and answer.id =user_answer.anid
                    and post_answer.anid =answer.id and post_answer.pid =8 [ RunTime:0.000188s ]
INFO: [ app_end ] --START--
INFO: Run Behavior\ShowPageTrace [ RunTime:0.000507s ]
INFO: [ app_end ] --END-- [ RunTime:0.000548s ]

[ 2017-06-06T09:42:43+08:00 ] ::1 /bjtu/index.php/home/index/detail
INFO: [ app_begin ] --START--
INFO: Run Behavior\ReadHtmlCache [ RunTime:0.000597s ]
INFO: [ app_begin ] --END-- [ RunTime:0.000969s ]
NOTIC: [2048] Declaration of Home\Model\PostModel::save() should be compatible with Think\Model::save($data = '', $options = Array) J:\phpStudy\WWW\BJTU\Application\Home\Model\PostModel.class.php 第 6 行.
SQL: SHOW COLUMNS FROM `post` [ RunTime:0.027596s ]
NOTIC: [2048] Declaration of Home\Model\AnswerModel::save() should be compatible with Think\Model::save($data = '', $options = Array) J:\phpStudy\WWW\BJTU\Application\Home\Model\AnswerModel.class.php 第 38 行.
SQL: SHOW COLUMNS FROM `answer` [ RunTime:0.018998s ]
SQL: select  post.ID pid,title posttitle ,content postcontent ,createtime postcreatetime ,name uname from 
                    post,user_post,user where post.id =12 
                    and post.id =user_post.pid 
                    and user.id =user_post.uid; [ RunTime:0.000799s ]
SQL: select  answer.content answercontent,commentNumber,likeNumber,answer.id anid,user.name uname 
                     from post_answer,answer,user ,user_answer
                     where user.id = user_answer.uid and answer.id =user_answer.anid
                    and post_answer.anid =answer.id and post_answer.pid =12 [ RunTime:0.000920s ]
INFO: [ app_end ] --START--
INFO: Run Behavior\ShowPageTrace [ RunTime:0.001896s ]
INFO: [ app_end ] --END-- [ RunTime:0.002069s ]

[ 2017-06-06T09:43:37+08:00 ] ::1 /bjtu/index.php/home/index/displayAnswer
INFO: [ app_begin ] --START--
INFO: Run Behavior\ReadHtmlCache [ RunTime:0.000486s ]
INFO: [ app_begin ] --END-- [ RunTime:0.000824s ]
NOTIC: [2048] Declaration of Home\Model\AnswerModel::save() should be compatible with Think\Model::save($data = '', $options = Array) J:\phpStudy\WWW\BJTU\Application\Home\Model\AnswerModel.class.php 第 12 行.
SQL: SHOW COLUMNS FROM `answer` [ RunTime:0.027535s ]
SQL: select  content answercontent  ,image uimage,
likeNumber,CommentNumber ,answer.id anid,name uname ,user.id uid 
from user,answer ,user_answer where
 user.id =user_answer.uid and answer.id=user_answer.anid and answer.id =8; [ RunTime:0.000845s ]
INFO: [ app_end ] --START--
INFO: Run Behavior\ShowPageTrace [ RunTime:0.001594s ]
INFO: [ app_end ] --END-- [ RunTime:0.001749s ]

[ 2017-06-06T09:44:13+08:00 ] ::1 /bjtu/index.php/home/index/displayComment
INFO: [ app_begin ] --START--
INFO: Run Behavior\ReadHtmlCache [ RunTime:0.000712s ]
INFO: [ app_begin ] --END-- [ RunTime:0.001072s ]
NOTIC: [2048] Declaration of Home\Model\CommentModel::save() should be compatible with Think\Model::save($data = '', $options = Array) J:\phpStudy\WWW\BJTU\Application\Home\Model\CommentModel.class.php 第 12 行.
SQL: SHOW COLUMNS FROM `comment` [ RunTime:0.018994s ]
SQL: SELECT comment.content commentcontent,user.name 
              uname,user.id uid,user.image uimage 
              FROM comment ,answer_comment,user,user_comment
              where comment.id=answer_comment.coid and  
              answer_comment.anid =1 and user.id=user_comment.uid
              and comment.id = user_comment.coid; [ RunTime:0.000664s ]
INFO: [ app_end ] --START--
INFO: Run Behavior\ShowPageTrace [ RunTime:0.001610s ]
INFO: [ app_end ] --END-- [ RunTime:0.001717s ]

[ 2017-06-06T09:45:50+08:00 ] ::1 /bjtu/index.php/home/index/displayComment
INFO: [ app_begin ] --START--
INFO: Run Behavior\ReadHtmlCache [ RunTime:0.000592s ]
INFO: [ app_begin ] --END-- [ RunTime:0.000961s ]
NOTIC: [2048] Declaration of Home\Model\CommentModel::save() should be compatible with Think\Model::save($data = '', $options = Array) J:\phpStudy\WWW\BJTU\Application\Home\Model\CommentModel.class.php 第 12 行.
SQL: SHOW COLUMNS FROM `comment` [ RunTime:0.028939s ]
SQL: SELECT comment.content commentcontent,user.name 
              uname,user.id uid,user.image uimage 
              FROM comment ,answer_comment,user,user_comment
              where comment.id=answer_comment.coid and  
              answer_comment.anid =8 and user.id=user_comment.uid
              and comment.id = user_comment.coid; [ RunTime:0.001021s ]
INFO: [ app_end ] --START--
INFO: Run Behavior\ShowPageTrace [ RunTime:0.001861s ]
INFO: [ app_end ] --END-- [ RunTime:0.002021s ]

