[ 2017-05-14T15:38:46+08:00 ] ::1 /bjtu/index.php/home/email/sendMail
INFO: [ app_begin ] --START--
INFO: Run Behavior\ReadHtmlCache [ RunTime:0.001299s ]
INFO: [ app_begin ] --END-- [ RunTime:0.003499s ]
NOTIC: [2] require(phpmailer/class.phpmailer.php): failed to open stream: No such file or directory H:\phpStudy\WWW\BJTU\Application\Home\Controller\EmailController.class.php 第 17 行.

[ 2017-05-14T15:41:54+08:00 ] ::1 /bjtu/index.php/home/email/sendMail
INFO: [ app_begin ] --START--
INFO: Run Behavior\ReadHtmlCache [ RunTime:0.000855s ]
INFO: [ app_begin ] --END-- [ RunTime:0.001459s ]
NOTIC: [2] require(phpmailer/class.phpmailer.php): failed to open stream: No such file or directory H:\phpStudy\WWW\BJTU\Application\Home\Controller\EmailController.class.php 第 17 行.

[ 2017-05-14T15:41:56+08:00 ] ::1 /bjtu/index.php
INFO: [ app_begin ] --START--
INFO: Run Behavior\ReadHtmlCache [ RunTime:0.001947s ]
INFO: [ app_begin ] --END-- [ RunTime:0.003230s ]
SQL: SHOW COLUMNS FROM `post` [ RunTime:0.016285s ]
SQL: SHOW COLUMNS FROM `topic` [ RunTime:0.011067s ]
SQL: select type ,pid, content,name ,createtime from 
                  user_post ,user,post 
                  where post.id=user_post.pid 
                  and user.id=user_post.uid; [ RunTime:0.007005s ]
SQL: select answer.content ,likeNumber from answer,post_answer 
                    where answer.id= post_answer.anid 
                  and post_answer.pid= 4 limit 0,1 [ RunTime:0.006422s ]
SQL: select answer.content ,likeNumber from answer,post_answer 
                    where answer.id= post_answer.anid 
                  and post_answer.pid= 5 limit 0,1 [ RunTime:0.000792s ]
SQL: select answer.content ,likeNumber from answer,post_answer 
                    where answer.id= post_answer.anid 
                  and post_answer.pid= 6 limit 0,1 [ RunTime:0.000806s ]
SQL: SHOW COLUMNS FROM `topic` [ RunTime:0.008873s ]
SQL: SELECT * FROM `topic` WHERE ( tid =0 ) LIMIT 1   [ RunTime:0.000515s ]
SQL: SELECT * FROM `topic` WHERE ( tid =0 ) LIMIT 1   [ RunTime:0.000473s ]
SQL: SELECT * FROM `topic` WHERE ( tid =0 ) LIMIT 1   [ RunTime:0.000493s ]
INFO: [ app_end ] --START--
INFO: Run Behavior\ShowPageTrace [ RunTime:0.002951s ]
INFO: [ app_end ] --END-- [ RunTime:0.003149s ]

[ 2017-05-14T15:55:10+08:00 ] ::1 /bjtu/index.php/home/email/sendMail
INFO: [ app_begin ] --START--
INFO: Run Behavior\ReadHtmlCache [ RunTime:0.000866s ]
INFO: [ app_begin ] --END-- [ RunTime:0.001394s ]
NOTIC: [2] require(phpmailer/phpmailer..class.php): failed to open stream: No such file or directory H:\phpStudy\WWW\BJTU\Application\Home\Controller\EmailController.class.php 第 17 行.

[ 2017-05-14T15:55:13+08:00 ] ::1 /bjtu/index.php/home/email/sendMail
INFO: [ app_begin ] --START--
INFO: Run Behavior\ReadHtmlCache [ RunTime:0.000702s ]
INFO: [ app_begin ] --END-- [ RunTime:0.001163s ]
NOTIC: [2] require(phpmailer/phpmailer..class.php): failed to open stream: No such file or directory H:\phpStudy\WWW\BJTU\Application\Home\Controller\EmailController.class.php 第 17 行.

[ 2017-05-14T15:55:23+08:00 ] ::1 /bjtu/index.php/home/email/sendMail
INFO: [ app_begin ] --START--
INFO: Run Behavior\ReadHtmlCache [ RunTime:0.000911s ]
INFO: [ app_begin ] --END-- [ RunTime:0.001388s ]
NOTIC: [2] require(phpmailer/phpmailer.class.php): failed to open stream: No such file or directory H:\phpStudy\WWW\BJTU\Application\Home\Controller\EmailController.class.php 第 17 行.

[ 2017-05-14T15:55:24+08:00 ] ::1 /bjtu/index.php/home/email/sendMail
INFO: [ app_begin ] --START--
INFO: Run Behavior\ReadHtmlCache [ RunTime:0.000709s ]
INFO: [ app_begin ] --END-- [ RunTime:0.001165s ]
NOTIC: [2] require(phpmailer/phpmailer.class.php): failed to open stream: No such file or directory H:\phpStudy\WWW\BJTU\Application\Home\Controller\EmailController.class.php 第 17 行.

[ 2017-05-14T15:55:25+08:00 ] ::1 /bjtu/index.php/home/email/sendMail
INFO: [ app_begin ] --START--
INFO: Run Behavior\ReadHtmlCache [ RunTime:0.000843s ]
INFO: [ app_begin ] --END-- [ RunTime:0.001404s ]
NOTIC: [2] require(phpmailer/phpmailer.class.php): failed to open stream: No such file or directory H:\phpStudy\WWW\BJTU\Application\Home\Controller\EmailController.class.php 第 17 行.

[ 2017-05-14T15:57:09+08:00 ] ::1 /bjtu/index.php/home/email/sendMail
INFO: [ app_begin ] --START--
INFO: Run Behavior\ReadHtmlCache [ RunTime:0.000700s ]
INFO: [ app_begin ] --END-- [ RunTime:0.001160s ]
NOTIC: [2] require(PHPMailer/phpmailer.class.php): failed to open stream: No such file or directory H:\phpStudy\WWW\BJTU\Application\Home\Controller\EmailController.class.php 第 17 行.

[ 2017-05-14T15:58:28+08:00 ] ::1 /bjtu/index.php/home/email/sendMail
INFO: [ app_begin ] --START--
INFO: Run Behavior\ReadHtmlCache [ RunTime:0.000906s ]
INFO: [ app_begin ] --END-- [ RunTime:0.001459s ]
NOTIC: [2] require(./ThinkPHP/Library/Org/Nx/class.phpmailer.php): failed to open stream: No such file or directory H:\phpStudy\WWW\BJTU\Application\Home\Controller\EmailController.class.php 第 16 行.

[ 2017-05-14T15:58:59+08:00 ] ::1 /bjtu/index.php/home/email/sendMail
INFO: [ app_begin ] --START--
INFO: Run Behavior\ReadHtmlCache [ RunTime:0.000791s ]
INFO: [ app_begin ] --END-- [ RunTime:0.001310s ]

[ 2017-05-14T16:01:45+08:00 ] ::1 /bjtu/index.php/home/email/sendMail
INFO: [ app_begin ] --START--
INFO: Run Behavior\ReadHtmlCache [ RunTime:0.000878s ]
INFO: [ app_begin ] --END-- [ RunTime:0.001418s ]

[ 2017-05-14T16:02:39+08:00 ] ::1 /bjtu/index.php/home/email/sendMail
INFO: [ app_begin ] --START--
INFO: Run Behavior\ReadHtmlCache [ RunTime:0.000868s ]
INFO: [ app_begin ] --END-- [ RunTime:0.001379s ]

[ 2017-05-14T16:02:40+08:00 ] ::1 /bjtu/index.php/home/email/sendMail
INFO: [ app_begin ] --START--
INFO: Run Behavior\ReadHtmlCache [ RunTime:0.000698s ]
INFO: [ app_begin ] --END-- [ RunTime:0.001158s ]

[ 2017-05-14T16:02:52+08:00 ] ::1 /bjtu/index.php/home/email/sendMail
INFO: [ app_begin ] --START--
INFO: Run Behavior\ReadHtmlCache [ RunTime:0.000706s ]
INFO: [ app_begin ] --END-- [ RunTime:0.001193s ]

[ 2017-05-14T16:03:12+08:00 ] ::1 /bjtu/index.php/home/email/sendMail
INFO: [ app_begin ] --START--
INFO: Run Behavior\ReadHtmlCache [ RunTime:0.000732s ]
INFO: [ app_begin ] --END-- [ RunTime:0.001210s ]

[ 2017-05-14T16:03:54+08:00 ] ::1 /bjtu/index.php/home/email/sendMail
INFO: [ app_begin ] --START--
INFO: Run Behavior\ReadHtmlCache [ RunTime:0.000915s ]
INFO: [ app_begin ] --END-- [ RunTime:0.001456s ]

[ 2017-05-14T16:04:13+08:00 ] ::1 /bjtu/index.php/home/email/sendMail
INFO: [ app_begin ] --START--
INFO: Run Behavior\ReadHtmlCache [ RunTime:0.000695s ]
INFO: [ app_begin ] --END-- [ RunTime:0.001154s ]

[ 2017-05-14T16:04:16+08:00 ] ::1 /bjtu/index.php/home/email/sendMail
INFO: [ app_begin ] --START--
INFO: Run Behavior\ReadHtmlCache [ RunTime:0.001098s ]
INFO: [ app_begin ] --END-- [ RunTime:0.001770s ]

[ 2017-05-14T16:04:17+08:00 ] ::1 /bjtu/index.php/home/email/sendMail
INFO: [ app_begin ] --START--
INFO: Run Behavior\ReadHtmlCache [ RunTime:0.000998s ]
INFO: [ app_begin ] --END-- [ RunTime:0.001484s ]

[ 2017-05-14T16:06:49+08:00 ] ::1 /bjtu/index.php/home/email/sendMail
INFO: [ app_begin ] --START--
INFO: Run Behavior\ReadHtmlCache [ RunTime:0.000862s ]
INFO: [ app_begin ] --END-- [ RunTime:0.001382s ]

[ 2017-05-14T16:07:15+08:00 ] ::1 /bjtu/index.php/home/email/sendMail
INFO: [ app_begin ] --START--
INFO: Run Behavior\ReadHtmlCache [ RunTime:0.000863s ]
INFO: [ app_begin ] --END-- [ RunTime:0.001376s ]

[ 2017-05-14T16:08:11+08:00 ] ::1 /bjtu/index.php/home/email/sendMail
INFO: [ app_begin ] --START--
INFO: Run Behavior\ReadHtmlCache [ RunTime:0.000705s ]
INFO: [ app_begin ] --END-- [ RunTime:0.001169s ]

[ 2017-05-14T16:08:13+08:00 ] ::1 /bjtu/index.php/home/email/sendMail
INFO: [ app_begin ] --START--
INFO: Run Behavior\ReadHtmlCache [ RunTime:0.000709s ]
INFO: [ app_begin ] --END-- [ RunTime:0.001213s ]

[ 2017-05-14T16:08:14+08:00 ] ::1 /bjtu/index.php/home/email/sendMail
INFO: [ app_begin ] --START--
INFO: Run Behavior\ReadHtmlCache [ RunTime:0.001049s ]
INFO: [ app_begin ] --END-- [ RunTime:0.001784s ]

[ 2017-05-14T16:08:14+08:00 ] ::1 /bjtu/index.php/home/email/sendMail
INFO: [ app_begin ] --START--
INFO: Run Behavior\ReadHtmlCache [ RunTime:0.000725s ]
INFO: [ app_begin ] --END-- [ RunTime:0.001188s ]

[ 2017-05-14T16:08:14+08:00 ] ::1 /bjtu/index.php/home/email/sendMail
INFO: [ app_begin ] --START--
INFO: Run Behavior\ReadHtmlCache [ RunTime:0.000920s ]
INFO: [ app_begin ] --END-- [ RunTime:0.001456s ]

[ 2017-05-14T16:08:15+08:00 ] ::1 /bjtu/index.php/home/email/sendMail
INFO: [ app_begin ] --START--
INFO: Run Behavior\ReadHtmlCache [ RunTime:0.000709s ]
INFO: [ app_begin ] --END-- [ RunTime:0.001200s ]

[ 2017-05-14T16:08:15+08:00 ] ::1 /bjtu/index.php/home/email/sendMail
INFO: [ app_begin ] --START--
INFO: Run Behavior\ReadHtmlCache [ RunTime:0.000763s ]
INFO: [ app_begin ] --END-- [ RunTime:0.001328s ]

[ 2017-05-14T16:08:30+08:00 ] ::1 /bjtu/index.php/home/email/sendMail
INFO: [ app_begin ] --START--
INFO: Run Behavior\ReadHtmlCache [ RunTime:0.000722s ]
INFO: [ app_begin ] --END-- [ RunTime:0.001182s ]

[ 2017-05-14T16:08:31+08:00 ] ::1 /bjtu/index.php/home/email/sendMail
INFO: [ app_begin ] --START--
INFO: Run Behavior\ReadHtmlCache [ RunTime:0.000699s ]
INFO: [ app_begin ] --END-- [ RunTime:0.001168s ]

[ 2017-05-14T16:08:32+08:00 ] ::1 /bjtu/index.php/home/email/sendMail
INFO: [ app_begin ] --START--
INFO: Run Behavior\ReadHtmlCache [ RunTime:0.000702s ]
INFO: [ app_begin ] --END-- [ RunTime:0.001177s ]

[ 2017-05-14T16:08:32+08:00 ] ::1 /bjtu/index.php/home/email/sendMail
INFO: [ app_begin ] --START--
INFO: Run Behavior\ReadHtmlCache [ RunTime:0.000695s ]
INFO: [ app_begin ] --END-- [ RunTime:0.001156s ]

[ 2017-05-14T16:08:33+08:00 ] ::1 /bjtu/index.php/home/email/sendMail
INFO: [ app_begin ] --START--
INFO: Run Behavior\ReadHtmlCache [ RunTime:0.000699s ]
INFO: [ app_begin ] --END-- [ RunTime:0.001167s ]

[ 2017-05-14T16:08:33+08:00 ] ::1 /bjtu/index.php/home/email/sendMail
INFO: [ app_begin ] --START--
INFO: Run Behavior\ReadHtmlCache [ RunTime:0.000734s ]
INFO: [ app_begin ] --END-- [ RunTime:0.001239s ]

[ 2017-05-14T16:11:54+08:00 ] ::1 /bjtu/index.php/home/email/sendMail
INFO: [ app_begin ] --START--
INFO: Run Behavior\ReadHtmlCache [ RunTime:0.000866s ]
INFO: [ app_begin ] --END-- [ RunTime:0.001394s ]

[ 2017-05-14T16:14:07+08:00 ] ::1 /bjtu/index.php/home/email/sendMail
INFO: [ app_begin ] --START--
INFO: Run Behavior\ReadHtmlCache [ RunTime:0.000866s ]
INFO: [ app_begin ] --END-- [ RunTime:0.001385s ]

[ 2017-05-14T16:14:09+08:00 ] ::1 /bjtu/index.php/home/email/sendMail
INFO: [ app_begin ] --START--
INFO: Run Behavior\ReadHtmlCache [ RunTime:0.000690s ]
INFO: [ app_begin ] --END-- [ RunTime:0.001146s ]

[ 2017-05-14T16:14:10+08:00 ] ::1 /bjtu/index.php/home/email/sendMail
INFO: [ app_begin ] --START--
INFO: Run Behavior\ReadHtmlCache [ RunTime:0.000749s ]
INFO: [ app_begin ] --END-- [ RunTime:0.001215s ]

[ 2017-05-14T16:14:11+08:00 ] ::1 /bjtu/index.php/home/email/sendMail
INFO: [ app_begin ] --START--
INFO: Run Behavior\ReadHtmlCache [ RunTime:0.000838s ]
INFO: [ app_begin ] --END-- [ RunTime:0.001311s ]

[ 2017-05-14T16:14:11+08:00 ] ::1 /bjtu/index.php/home/email/sendMail
INFO: [ app_begin ] --START--
INFO: Run Behavior\ReadHtmlCache [ RunTime:0.000708s ]
INFO: [ app_begin ] --END-- [ RunTime:0.001182s ]

[ 2017-05-14T16:14:11+08:00 ] ::1 /bjtu/index.php/home/email/sendMail
INFO: [ app_begin ] --START--
INFO: Run Behavior\ReadHtmlCache [ RunTime:0.000695s ]
INFO: [ app_begin ] --END-- [ RunTime:0.001153s ]

[ 2017-05-14T16:14:12+08:00 ] ::1 /bjtu/index.php/home/email/sendMail
INFO: [ app_begin ] --START--
INFO: Run Behavior\ReadHtmlCache [ RunTime:0.000692s ]
INFO: [ app_begin ] --END-- [ RunTime:0.001156s ]

[ 2017-05-14T16:14:12+08:00 ] ::1 /bjtu/index.php/home/email/sendMail
INFO: [ app_begin ] --START--
INFO: Run Behavior\ReadHtmlCache [ RunTime:0.000702s ]
INFO: [ app_begin ] --END-- [ RunTime:0.001166s ]

[ 2017-05-14T16:16:53+08:00 ] ::1 /bjtu/index.php/home/email/sendMail
INFO: [ app_begin ] --START--
INFO: Run Behavior\ReadHtmlCache [ RunTime:0.001102s ]
INFO: [ app_begin ] --END-- [ RunTime:0.001620s ]
NOTIC: [2] require(./Think/Library/Org/Util/Mailer.class.php): failed to open stream: No such file or directory H:\phpStudy\WWW\BJTU\Application\Home\Controller\EmailController.class.php 第 13 行.

[ 2017-05-14T16:17:22+08:00 ] ::1 /bjtu/index.php/home/email/sendMail
INFO: [ app_begin ] --START--
INFO: Run Behavior\ReadHtmlCache [ RunTime:0.000897s ]
INFO: [ app_begin ] --END-- [ RunTime:0.001418s ]

[ 2017-05-14T16:18:52+08:00 ] ::1 /bjtu/index.php/home/email/sendMail
INFO: [ app_begin ] --START--
INFO: Run Behavior\ReadHtmlCache [ RunTime:0.000693s ]
INFO: [ app_begin ] --END-- [ RunTime:0.001154s ]
NOTIC: [2] require_once(class.smtp.php): failed to open stream: No such file or directory H:\phpStudy\WWW\BJTU\ThinkPHP\Library\Org\Util\Mailer.class.php 第 670 行.

[ 2017-05-14T16:20:26+08:00 ] ::1 /bjtu/index.php/home/email/sendMail
INFO: [ app_begin ] --START--
INFO: Run Behavior\ReadHtmlCache [ RunTime:0.000878s ]
INFO: [ app_begin ] --END-- [ RunTime:0.001416s ]

[ 2017-05-14T16:21:27+08:00 ] ::1 /bjtu/index.php/home/email/sendMail
INFO: [ app_begin ] --START--
INFO: Run Behavior\ReadHtmlCache [ RunTime:0.001012s ]
INFO: [ app_begin ] --END-- [ RunTime:0.001525s ]

[ 2017-05-14T16:27:02+08:00 ] ::1 /bjtu/index.php/home/email/sendMail
INFO: [ app_begin ] --START--
INFO: Run Behavior\ReadHtmlCache [ RunTime:0.000865s ]
INFO: [ app_begin ] --END-- [ RunTime:0.001389s ]

[ 2017-05-14T16:27:31+08:00 ] ::1 /bjtu/index.php/home/email/sendMail
INFO: [ app_begin ] --START--
INFO: Run Behavior\ReadHtmlCache [ RunTime:0.001157s ]
INFO: [ app_begin ] --END-- [ RunTime:0.001737s ]
INFO: [ app_end ] --START--
INFO: Run Behavior\ShowPageTrace [ RunTime:0.002101s ]
INFO: [ app_end ] --END-- [ RunTime:0.002339s ]

[ 2017-05-14T16:29:33+08:00 ] ::1 /bjtu/index.php/home/email/sendMail
INFO: [ app_begin ] --START--
INFO: Run Behavior\ReadHtmlCache [ RunTime:0.000862s ]
INFO: [ app_begin ] --END-- [ RunTime:0.001379s ]
INFO: [ app_end ] --START--
INFO: Run Behavior\ShowPageTrace [ RunTime:0.002599s ]
INFO: [ app_end ] --END-- [ RunTime:0.002842s ]

