[ 2017-05-09T10:30:58+08:00 ] ::1 /BJTU/
INFO: [ app_begin ] --START--
INFO: Run Behavior\ReadHtmlCache [ RunTime:0.001023s ]
INFO: [ app_begin ] --END-- [ RunTime:0.001433s ]
INFO: [ view_parse ] --START--
INFO: [ template_filter ] --START--
INFO: Run Behavior\ContentReplace [ RunTime:0.000048s ]
INFO: [ template_filter ] --END-- [ RunTime:0.000144s ]
INFO: Run Behavior\ParseTemplate [ RunTime:0.009506s ]
INFO: [ view_parse ] --END-- [ RunTime:0.009637s ]
INFO: [ view_filter ] --START--
INFO: Run Behavior\WriteHtmlCache [ RunTime:0.000470s ]
INFO: [ view_filter ] --END-- [ RunTime:0.000532s ]
INFO: [ app_end ] --START--
INFO: Run Behavior\ShowPageTrace [ RunTime:0.000899s ]
INFO: [ app_end ] --END-- [ RunTime:0.000969s ]

[ 2017-05-09T10:43:38+08:00 ] ::1 /BJTU/
INFO: [ app_begin ] --START--
INFO: Run Behavior\ReadHtmlCache [ RunTime:0.000925s ]
INFO: [ app_begin ] --END-- [ RunTime:0.001442s ]
SQL: SHOW COLUMNS FROM `user` [ RunTime:0.009286s ]
SQL: SELECT * FROM `user`  [ RunTime:0.000635s ]
INFO: [ app_end ] --START--
INFO: Run Behavior\ShowPageTrace [ RunTime:0.002090s ]
INFO: [ app_end ] --END-- [ RunTime:0.002246s ]

[ 2017-05-09T10:59:50+08:00 ] ::1 /BJTU/
INFO: [ app_begin ] --START--
INFO: Run Behavior\ReadHtmlCache [ RunTime:0.001337s ]
INFO: [ app_begin ] --END-- [ RunTime:0.002179s ]
SQL: SHOW COLUMNS FROM `post` [ RunTime:0.006631s ]
SQL: SELECT * FROM `post`  [ RunTime:0.000374s ]
INFO: [ app_end ] --START--
INFO: Run Behavior\ShowPageTrace [ RunTime:0.001225s ]
INFO: [ app_end ] --END-- [ RunTime:0.001315s ]

[ 2017-05-09T11:04:56+08:00 ] ::1 /BJTU/index.php
INFO: [ app_begin ] --START--
INFO: Run Behavior\ReadHtmlCache [ RunTime:0.002865s ]
INFO: [ app_begin ] --END-- [ RunTime:0.004562s ]
SQL: SHOW COLUMNS FROM `post` [ RunTime:0.006690s ]
INFO: [ app_end ] --START--
INFO: Run Behavior\ShowPageTrace [ RunTime:0.001660s ]
INFO: [ app_end ] --END-- [ RunTime:0.001761s ]

[ 2017-05-09T11:07:11+08:00 ] ::1 /BJTU/
INFO: [ app_begin ] --START--
INFO: Run Behavior\ReadHtmlCache [ RunTime:0.001036s ]
INFO: [ app_begin ] --END-- [ RunTime:0.001612s ]
SQL: SHOW COLUMNS FROM `post` [ RunTime:0.004868s ]
SQL: INSERT INTO `post` (`content`) VALUES ('交大哪里的美食好吃？') [ RunTime:0.000328s ]
INFO: [ app_end ] --START--
INFO: Run Behavior\ShowPageTrace [ RunTime:0.001045s ]
INFO: [ app_end ] --END-- [ RunTime:0.001118s ]

[ 2017-05-09T11:07:47+08:00 ] ::1 /BJTU/
INFO: [ app_begin ] --START--
INFO: Run Behavior\ReadHtmlCache [ RunTime:0.000924s ]
INFO: [ app_begin ] --END-- [ RunTime:0.001445s ]
SQL: SHOW COLUMNS FROM `post` [ RunTime:0.009607s ]
SQL: INSERT INTO `post` (`content`) VALUES ('交大哪里上自习安静？') [ RunTime:0.000649s ]
INFO: [ app_end ] --START--
INFO: Run Behavior\ShowPageTrace [ RunTime:0.002023s ]
INFO: [ app_end ] --END-- [ RunTime:0.002186s ]

[ 2017-05-09T11:08:15+08:00 ] ::1 /BJTU/
INFO: [ app_begin ] --START--
INFO: Run Behavior\ReadHtmlCache [ RunTime:0.000808s ]
INFO: [ app_begin ] --END-- [ RunTime:0.001322s ]
SQL: SHOW COLUMNS FROM `post` [ RunTime:0.005686s ]
SQL: INSERT INTO `post` (`content`) VALUES ('交大考研软件专业容易吗？') [ RunTime:0.000402s ]
INFO: [ app_end ] --START--
INFO: Run Behavior\ShowPageTrace [ RunTime:0.001247s ]
INFO: [ app_end ] --END-- [ RunTime:0.001373s ]

[ 2017-05-09T11:13:26+08:00 ] ::1 /BJTU/
INFO: [ app_begin ] --START--
INFO: Run Behavior\ReadHtmlCache [ RunTime:0.001059s ]
INFO: [ app_begin ] --END-- [ RunTime:0.001727s ]
SQL: SHOW COLUMNS FROM `post` [ RunTime:0.007821s ]
SQL: SELECT * FROM `post`  [ RunTime:0.000409s ]
INFO: [ app_end ] --START--
INFO: Run Behavior\ShowPageTrace [ RunTime:0.001212s ]
INFO: [ app_end ] --END-- [ RunTime:0.001304s ]

[ 2017-05-09T11:14:31+08:00 ] ::1 /BJTU/
INFO: [ app_begin ] --START--
INFO: Run Behavior\ReadHtmlCache [ RunTime:0.000719s ]
INFO: [ app_begin ] --END-- [ RunTime:0.001206s ]
SQL: SHOW COLUMNS FROM `post` [ RunTime:0.005224s ]
SQL: SELECT * FROM `post`  [ RunTime:0.000392s ]
INFO: [ app_end ] --START--
INFO: Run Behavior\ShowPageTrace [ RunTime:0.001350s ]
INFO: [ app_end ] --END-- [ RunTime:0.001503s ]

[ 2017-05-09T11:15:08+08:00 ] ::1 /BJTU/
INFO: [ app_begin ] --START--
INFO: Run Behavior\ReadHtmlCache [ RunTime:0.000691s ]
INFO: [ app_begin ] --END-- [ RunTime:0.001155s ]
SQL: SHOW COLUMNS FROM `post` [ RunTime:0.010670s ]
SQL: SELECT * FROM `post`  [ RunTime:0.000800s ]
INFO: [ app_end ] --START--
INFO: Run Behavior\ShowPageTrace [ RunTime:0.002465s ]
INFO: [ app_end ] --END-- [ RunTime:0.002679s ]

[ 2017-05-09T11:16:24+08:00 ] ::1 /BJTU/
INFO: [ app_begin ] --START--
INFO: Run Behavior\ReadHtmlCache [ RunTime:0.000850s ]
INFO: [ app_begin ] --END-- [ RunTime:0.001366s ]
SQL: SHOW COLUMNS FROM `post` [ RunTime:0.009785s ]
SQL: SELECT * FROM `post`  [ RunTime:0.000654s ]
INFO: [ app_end ] --START--
INFO: Run Behavior\ShowPageTrace [ RunTime:0.001281s ]
INFO: [ app_end ] --END-- [ RunTime:0.001402s ]

[ 2017-05-09T11:20:13+08:00 ] ::1 /BJTU/
INFO: [ app_begin ] --START--
INFO: Run Behavior\ReadHtmlCache [ RunTime:0.000882s ]
INFO: [ app_begin ] --END-- [ RunTime:0.001423s ]
SQL: SHOW COLUMNS FROM `post` [ RunTime:0.010049s ]
SQL: SELECT * FROM `post`  [ RunTime:0.000678s ]
INFO: [ app_end ] --START--
INFO: Run Behavior\ShowPageTrace [ RunTime:0.002092s ]
INFO: [ app_end ] --END-- [ RunTime:0.002264s ]

[ 2017-05-09T19:41:25+08:00 ] ::1 /BJTU/
INFO: [ app_begin ] --START--
INFO: Run Behavior\ReadHtmlCache [ RunTime:0.001195s ]
INFO: [ app_begin ] --END-- [ RunTime:0.002245s ]
SQL: SHOW COLUMNS FROM `post` [ RunTime:0.010663s ]
ERR: Think\Model:index方法不存在！

[ 2017-05-09T19:45:11+08:00 ] ::1 /BJTU/
INFO: [ app_begin ] --START--
INFO: Run Behavior\ReadHtmlCache [ RunTime:0.001211s ]
INFO: [ app_begin ] --END-- [ RunTime:0.001944s ]
SQL: SHOW COLUMNS FROM `post` [ RunTime:0.008197s ]
ERR: Think\Model:index方法不存在！

[ 2017-05-09T19:46:06+08:00 ] ::1 /BJTU/
INFO: [ app_begin ] --START--
INFO: Run Behavior\ReadHtmlCache [ RunTime:0.000901s ]
INFO: [ app_begin ] --END-- [ RunTime:0.001422s ]
SQL: SHOW COLUMNS FROM `model\_post` [ RunTime:0.008523s ]
ERR: 1146:Table 'bjtu.model\_post' doesn't exist
 [ SQL语句 ] : SHOW COLUMNS FROM `model\_post`
ERR: Think\Model:index方法不存在！

[ 2017-05-09T19:46:24+08:00 ] ::1 /BJTU/
INFO: [ app_begin ] --START--
INFO: Run Behavior\ReadHtmlCache [ RunTime:0.001355s ]
INFO: [ app_begin ] --END-- [ RunTime:0.002207s ]
SQL: SHOW COLUMNS FROM `model\_post` [ RunTime:0.006839s ]
ERR: 1146:Table 'bjtu.model\_post' doesn't exist
 [ SQL语句 ] : SHOW COLUMNS FROM `model\_post`
ERR: Think\Model:index方法不存在！

[ 2017-05-09T19:47:37+08:00 ] ::1 /BJTU/
INFO: [ app_begin ] --START--
INFO: Run Behavior\ReadHtmlCache [ RunTime:0.000934s ]
INFO: [ app_begin ] --END-- [ RunTime:0.001483s ]
SQL: SHOW COLUMNS FROM `post` [ RunTime:0.009908s ]
SQL: select pid, content,name ,createtime from 
                  user_post ,user,post 
                  where post.id=user_post.pid 
                  and user.id=user_post.uid; [ RunTime:0.001274s ]
INFO: [ app_end ] --START--
INFO: Run Behavior\ShowPageTrace [ RunTime:0.003125s ]
INFO: [ app_end ] --END-- [ RunTime:0.003339s ]

[ 2017-05-09T19:48:20+08:00 ] ::1 /BJTU/
INFO: [ app_begin ] --START--
INFO: Run Behavior\ReadHtmlCache [ RunTime:0.000894s ]
INFO: [ app_begin ] --END-- [ RunTime:0.001445s ]
SQL: SHOW COLUMNS FROM `post` [ RunTime:0.008817s ]
SQL: select pid, content,name ,createtime from 
                  user_post ,user,post 
                  where post.id=user_post.pid 
                  and user.id=user_post.uid; [ RunTime:0.000946s ]
INFO: [ app_end ] --START--
INFO: Run Behavior\ShowPageTrace [ RunTime:0.002193s ]
INFO: [ app_end ] --END-- [ RunTime:0.002352s ]

[ 2017-05-09T19:52:56+08:00 ] ::1 /BJTU/
INFO: [ app_begin ] --START--
INFO: Run Behavior\ReadHtmlCache [ RunTime:0.001319s ]
INFO: [ app_begin ] --END-- [ RunTime:0.002041s ]
SQL: SHOW COLUMNS FROM `post` [ RunTime:0.010448s ]
SQL: select pid, content,name ,createtime from 
                  user_post ,user,post 
                  where post.id=user_post.pid 
                  and user.id=user_post.uid; [ RunTime:0.000883s ]
SQL: select answer.content ,likeNumber from answer,post_answer 
                    where answer.id= post_answer.anid 
                  and post_answer.pid= 4 limit 0,1 [ RunTime:0.000683s ]
NOTIC: [8] Undefined index: content H:\phpStudy\WWW\BJTU\Application\Home\Controller\IndexController.class.php 第 13 行.
NOTIC: [8] Undefined index: likeNumber H:\phpStudy\WWW\BJTU\Application\Home\Controller\IndexController.class.php 第 14 行.
SQL: select answer.content ,likeNumber from answer,post_answer 
                    where answer.id= post_answer.anid 
                  and post_answer.pid= 5 limit 0,1 [ RunTime:0.000652s ]
NOTIC: [8] Undefined index: content H:\phpStudy\WWW\BJTU\Application\Home\Controller\IndexController.class.php 第 13 行.
NOTIC: [8] Undefined index: likeNumber H:\phpStudy\WWW\BJTU\Application\Home\Controller\IndexController.class.php 第 14 行.
SQL: select answer.content ,likeNumber from answer,post_answer 
                    where answer.id= post_answer.anid 
                  and post_answer.pid= 6 limit 0,1 [ RunTime:0.000876s ]
NOTIC: [8] Undefined index: content H:\phpStudy\WWW\BJTU\Application\Home\Controller\IndexController.class.php 第 13 行.
NOTIC: [8] Undefined index: likeNumber H:\phpStudy\WWW\BJTU\Application\Home\Controller\IndexController.class.php 第 14 行.
INFO: [ app_end ] --START--
INFO: Run Behavior\ShowPageTrace [ RunTime:0.002286s ]
INFO: [ app_end ] --END-- [ RunTime:0.002465s ]

[ 2017-05-09T19:53:38+08:00 ] ::1 /BJTU/
INFO: [ app_begin ] --START--
INFO: Run Behavior\ReadHtmlCache [ RunTime:0.001119s ]
INFO: [ app_begin ] --END-- [ RunTime:0.001966s ]
SQL: SHOW COLUMNS FROM `post` [ RunTime:0.008803s ]
SQL: select pid, content,name ,createtime from 
                  user_post ,user,post 
                  where post.id=user_post.pid 
                  and user.id=user_post.uid; [ RunTime:0.000886s ]
SQL: select answer.content ,likeNumber from answer,post_answer 
                    where answer.id= post_answer.anid 
                  and post_answer.pid= 4 limit 0,1 [ RunTime:0.000688s ]
NOTIC: [8] Undefined index: content H:\phpStudy\WWW\BJTU\Application\Home\Controller\IndexController.class.php 第 14 行.
NOTIC: [8] Undefined index: likeNumber H:\phpStudy\WWW\BJTU\Application\Home\Controller\IndexController.class.php 第 15 行.
SQL: select answer.content ,likeNumber from answer,post_answer 
                    where answer.id= post_answer.anid 
                  and post_answer.pid= 5 limit 0,1 [ RunTime:0.000657s ]
NOTIC: [8] Undefined index: content H:\phpStudy\WWW\BJTU\Application\Home\Controller\IndexController.class.php 第 14 行.
NOTIC: [8] Undefined index: likeNumber H:\phpStudy\WWW\BJTU\Application\Home\Controller\IndexController.class.php 第 15 行.
SQL: select answer.content ,likeNumber from answer,post_answer 
                    where answer.id= post_answer.anid 
                  and post_answer.pid= 6 limit 0,1 [ RunTime:0.000679s ]
NOTIC: [8] Undefined index: content H:\phpStudy\WWW\BJTU\Application\Home\Controller\IndexController.class.php 第 14 行.
NOTIC: [8] Undefined index: likeNumber H:\phpStudy\WWW\BJTU\Application\Home\Controller\IndexController.class.php 第 15 行.
INFO: [ app_end ] --START--
INFO: Run Behavior\ShowPageTrace [ RunTime:0.002562s ]
INFO: [ app_end ] --END-- [ RunTime:0.002721s ]

[ 2017-05-09T19:54:17+08:00 ] ::1 /BJTU/
INFO: [ app_begin ] --START--
INFO: Run Behavior\ReadHtmlCache [ RunTime:0.000927s ]
INFO: [ app_begin ] --END-- [ RunTime:0.001711s ]
SQL: SHOW COLUMNS FROM `post` [ RunTime:0.008475s ]
SQL: select pid, content,name ,createtime from 
                  user_post ,user,post 
                  where post.id=user_post.pid 
                  and user.id=user_post.uid; [ RunTime:0.000894s ]
SQL: select answer.content ,likeNumber from answer,post_answer 
                    where answer.id= post_answer.anid 
                  and post_answer.pid= 4 limit 0,1 [ RunTime:0.000677s ]
NOTIC: [8] Undefined index: content H:\phpStudy\WWW\BJTU\Application\Home\Controller\IndexController.class.php 第 14 行.
NOTIC: [8] Undefined index: likeNumber H:\phpStudy\WWW\BJTU\Application\Home\Controller\IndexController.class.php 第 15 行.
SQL: select answer.content ,likeNumber from answer,post_answer 
                    where answer.id= post_answer.anid 
                  and post_answer.pid= 5 limit 0,1 [ RunTime:0.000771s ]
NOTIC: [8] Undefined index: content H:\phpStudy\WWW\BJTU\Application\Home\Controller\IndexController.class.php 第 14 行.
NOTIC: [8] Undefined index: likeNumber H:\phpStudy\WWW\BJTU\Application\Home\Controller\IndexController.class.php 第 15 行.
SQL: select answer.content ,likeNumber from answer,post_answer 
                    where answer.id= post_answer.anid 
                  and post_answer.pid= 6 limit 0,1 [ RunTime:0.000615s ]
NOTIC: [8] Undefined index: content H:\phpStudy\WWW\BJTU\Application\Home\Controller\IndexController.class.php 第 14 行.
NOTIC: [8] Undefined index: likeNumber H:\phpStudy\WWW\BJTU\Application\Home\Controller\IndexController.class.php 第 15 行.
INFO: [ app_end ] --START--
INFO: Run Behavior\ShowPageTrace [ RunTime:0.002636s ]
INFO: [ app_end ] --END-- [ RunTime:0.002803s ]

[ 2017-05-09T19:54:52+08:00 ] ::1 /BJTU/
INFO: [ app_begin ] --START--
INFO: Run Behavior\ReadHtmlCache [ RunTime:0.001014s ]
INFO: [ app_begin ] --END-- [ RunTime:0.001705s ]
SQL: SHOW COLUMNS FROM `post` [ RunTime:0.008137s ]
SQL: select pid, content,name ,createtime from 
                  user_post ,user,post 
                  where post.id=user_post.pid 
                  and user.id=user_post.uid; [ RunTime:0.000836s ]
SQL: select answer.content ,likeNumber from answer,post_answer 
                    where answer.id= post_answer.anid 
                  and post_answer.pid= 4 limit 0,1 [ RunTime:0.000743s ]
SQL: select answer.content ,likeNumber from answer,post_answer 
                    where answer.id= post_answer.anid 
                  and post_answer.pid= 5 limit 0,1 [ RunTime:0.000657s ]
SQL: select answer.content ,likeNumber from answer,post_answer 
                    where answer.id= post_answer.anid 
                  and post_answer.pid= 6 limit 0,1 [ RunTime:0.000663s ]
INFO: [ app_end ] --START--
INFO: Run Behavior\ShowPageTrace [ RunTime:0.002523s ]
INFO: [ app_end ] --END-- [ RunTime:0.002732s ]

[ 2017-05-09T20:36:58+08:00 ] ::1 /BJTU/
INFO: [ app_begin ] --START--
INFO: Run Behavior\ReadHtmlCache [ RunTime:0.000903s ]
INFO: [ app_begin ] --END-- [ RunTime:0.001519s ]
SQL: SHOW COLUMNS FROM `post` [ RunTime:0.009971s ]
SQL: select pid, content,name ,createtime from 
                  user_post ,user,post 
                  where post.id=user_post.pid 
                  and user.id=user_post.uid; [ RunTime:0.002456s ]
SQL: select answer.content ,likeNumber from answer,post_answer 
                    where answer.id= post_answer.anid 
                  and post_answer.pid= 4 limit 0,1 [ RunTime:0.002124s ]
SQL: select answer.content ,likeNumber from answer,post_answer 
                    where answer.id= post_answer.anid 
                  and post_answer.pid= 5 limit 0,1 [ RunTime:0.000651s ]
SQL: select answer.content ,likeNumber from answer,post_answer 
                    where answer.id= post_answer.anid 
                  and post_answer.pid= 6 limit 0,1 [ RunTime:0.000664s ]
INFO: [ app_end ] --START--
INFO: Run Behavior\ShowPageTrace [ RunTime:0.002710s ]
INFO: [ app_end ] --END-- [ RunTime:0.003002s ]

[ 2017-05-09T20:37:42+08:00 ] ::1 /BJTU/index.php/home/index
INFO: [ app_begin ] --START--
INFO: Run Behavior\ReadHtmlCache [ RunTime:0.000999s ]
INFO: [ app_begin ] --END-- [ RunTime:0.001653s ]
SQL: SHOW COLUMNS FROM `post` [ RunTime:0.008371s ]
SQL: select pid, content,name ,createtime from 
                  user_post ,user,post 
                  where post.id=user_post.pid 
                  and user.id=user_post.uid; [ RunTime:0.000850s ]
SQL: select answer.content ,likeNumber from answer,post_answer 
                    where answer.id= post_answer.anid 
                  and post_answer.pid= 4 limit 0,1 [ RunTime:0.000766s ]
SQL: select answer.content ,likeNumber from answer,post_answer 
                    where answer.id= post_answer.anid 
                  and post_answer.pid= 5 limit 0,1 [ RunTime:0.000650s ]
SQL: select answer.content ,likeNumber from answer,post_answer 
                    where answer.id= post_answer.anid 
                  and post_answer.pid= 6 limit 0,1 [ RunTime:0.000665s ]
INFO: [ app_end ] --START--
INFO: Run Behavior\ShowPageTrace [ RunTime:0.001661s ]
INFO: [ app_end ] --END-- [ RunTime:0.001814s ]

[ 2017-05-09T20:38:16+08:00 ] ::1 /BJTU/index.php/home/user/login?name=czh&password=123456
INFO: [ app_begin ] --START--
INFO: Run Behavior\ReadHtmlCache [ RunTime:0.000691s ]
INFO: [ app_begin ] --END-- [ RunTime:0.001141s ]
ERR: 无法加载控制器:User

[ 2017-05-09T20:38:37+08:00 ] ::1 /BJTU/index.php/home/user/login?name=czh&password=123456
INFO: [ app_begin ] --START--
INFO: Run Behavior\ReadHtmlCache [ RunTime:0.000886s ]
INFO: [ app_begin ] --END-- [ RunTime:0.001458s ]

[ 2017-05-09T20:39:27+08:00 ] ::1 /BJTU/index.php/home/user/login?name=czh&password=123456
INFO: [ app_begin ] --START--
INFO: Run Behavior\ReadHtmlCache [ RunTime:0.000872s ]
INFO: [ app_begin ] --END-- [ RunTime:0.001375s ]

[ 2017-05-09T20:39:29+08:00 ] ::1 /BJTU/index.php/home/user/login?name=czh&password=123456
INFO: [ app_begin ] --START--
INFO: Run Behavior\ReadHtmlCache [ RunTime:0.001077s ]
INFO: [ app_begin ] --END-- [ RunTime:0.001717s ]

[ 2017-05-09T20:39:30+08:00 ] ::1 /BJTU/index.php/home/user/login?name=czh&password=123456
INFO: [ app_begin ] --START--
INFO: Run Behavior\ReadHtmlCache [ RunTime:0.000702s ]
INFO: [ app_begin ] --END-- [ RunTime:0.001157s ]

[ 2017-05-09T22:14:56+08:00 ] ::1 /BJTU/index.php/home/index
INFO: [ app_begin ] --START--
INFO: Run Behavior\ReadHtmlCache [ RunTime:0.001112s ]
INFO: [ app_begin ] --END-- [ RunTime:0.001647s ]
SQL: SHOW COLUMNS FROM `post` [ RunTime:0.010023s ]
SQL: select pid, content,name ,createtime from 
                  user_post ,user,post 
                  where post.id=user_post.pid 
                  and user.id=user_post.uid; [ RunTime:0.003115s ]
SQL: select answer.content ,likeNumber from answer,post_answer 
                    where answer.id= post_answer.anid 
                  and post_answer.pid= 4 limit 0,1 [ RunTime:0.002303s ]
SQL: select answer.content ,likeNumber from answer,post_answer 
                    where answer.id= post_answer.anid 
                  and post_answer.pid= 5 limit 0,1 [ RunTime:0.000766s ]
SQL: select answer.content ,likeNumber from answer,post_answer 
                    where answer.id= post_answer.anid 
                  and post_answer.pid= 6 limit 0,1 [ RunTime:0.000803s ]
INFO: [ app_end ] --START--
INFO: Run Behavior\ShowPageTrace [ RunTime:0.002675s ]
INFO: [ app_end ] --END-- [ RunTime:0.002840s ]

