[ 2017-05-10T19:18:29+08:00 ] 223.72.90.236 /bjtu/
INFO: [ app_begin ] --START--
INFO: Run Behavior\ReadHtmlCache [ RunTime:0.000540s ]
INFO: [ app_begin ] --END-- [ RunTime:0.000960s ]
SQL: SHOW COLUMNS FROM `post` [ RunTime:0.002251s ]
SQL: SHOW COLUMNS FROM `topic` [ RunTime:0.002464s ]
SQL: select type ,pid, content,name ,createtime from 
                  user_post ,user,post 
                  where post.id=user_post.pid 
                  and user.id=user_post.uid; [ RunTime:0.000440s ]
SQL: select answer.content ,likeNumber from answer,post_answer 
                    where answer.id= post_answer.anid 
                  and post_answer.pid= 4 limit 0,1 [ RunTime:0.000245s ]
SQL: select answer.content ,likeNumber from answer,post_answer 
                    where answer.id= post_answer.anid 
                  and post_answer.pid= 5 limit 0,1 [ RunTime:0.000204s ]
SQL: select answer.content ,likeNumber from answer,post_answer 
                    where answer.id= post_answer.anid 
                  and post_answer.pid= 6 limit 0,1 [ RunTime:0.000250s ]
SQL: select answer.content ,likeNumber from answer,post_answer 
                    where answer.id= post_answer.anid 
                  and post_answer.pid= 7 limit 0,1 [ RunTime:0.000185s ]
NOTIC: [8] Undefined offset: 0 C:\phpStudy\WWW\BJTU\Application\Home\Controller\IndexController.class.php 第 15 行.
NOTIC: [8] Undefined offset: 0 C:\phpStudy\WWW\BJTU\Application\Home\Controller\IndexController.class.php 第 16 行.
SQL: SHOW COLUMNS FROM `topic` [ RunTime:0.001603s ]
SQL: SELECT * FROM `topic` WHERE ( tid =3 ) LIMIT 1   [ RunTime:0.000414s ]
NOTIC: [8] Undefined index: tcontent C:\phpStudy\WWW\BJTU\Application\Home\Controller\IndexController.class.php 第 22 行.
SQL: SELECT * FROM `topic` WHERE ( tid =1 ) LIMIT 1   [ RunTime:0.000304s ]
NOTIC: [8] Undefined index: tcontent C:\phpStudy\WWW\BJTU\Application\Home\Controller\IndexController.class.php 第 22 行.
SQL: SELECT * FROM `topic` WHERE ( tid =5 ) LIMIT 1   [ RunTime:0.000225s ]
NOTIC: [8] Undefined index: tcontent C:\phpStudy\WWW\BJTU\Application\Home\Controller\IndexController.class.php 第 22 行.
SQL: SELECT * FROM `topic` WHERE ( tid =5 ) LIMIT 1   [ RunTime:0.000206s ]
NOTIC: [8] Undefined index: tcontent C:\phpStudy\WWW\BJTU\Application\Home\Controller\IndexController.class.php 第 22 行.
INFO: [ app_end ] --START--
INFO: Run Behavior\ShowPageTrace [ RunTime:0.000755s ]
INFO: [ app_end ] --END-- [ RunTime:0.000826s ]

[ 2017-05-10T19:19:59+08:00 ] 223.72.90.236 /bjtu/
INFO: [ app_begin ] --START--
INFO: Run Behavior\ReadHtmlCache [ RunTime:0.000588s ]
INFO: [ app_begin ] --END-- [ RunTime:0.000987s ]
SQL: SHOW COLUMNS FROM `post` [ RunTime:0.002282s ]
SQL: SHOW COLUMNS FROM `topic` [ RunTime:0.001959s ]
SQL: select type ,pid, content,name ,createtime from 
                  user_post ,user,post 
                  where post.id=user_post.pid 
                  and user.id=user_post.uid; [ RunTime:0.000428s ]
SQL: select answer.content ,likeNumber from answer,post_answer 
                    where answer.id= post_answer.anid 
                  and post_answer.pid= 4 limit 0,1 [ RunTime:0.000289s ]
SQL: select answer.content ,likeNumber from answer,post_answer 
                    where answer.id= post_answer.anid 
                  and post_answer.pid= 5 limit 0,1 [ RunTime:0.000327s ]
SQL: select answer.content ,likeNumber from answer,post_answer 
                    where answer.id= post_answer.anid 
                  and post_answer.pid= 6 limit 0,1 [ RunTime:0.000287s ]
SQL: select answer.content ,likeNumber from answer,post_answer 
                    where answer.id= post_answer.anid 
                  and post_answer.pid= 7 limit 0,1 [ RunTime:0.000229s ]
NOTIC: [8] Undefined offset: 0 C:\phpStudy\WWW\BJTU\Application\Home\Controller\IndexController.class.php 第 15 行.
NOTIC: [8] Undefined offset: 0 C:\phpStudy\WWW\BJTU\Application\Home\Controller\IndexController.class.php 第 16 行.
SQL: SHOW COLUMNS FROM `topic` [ RunTime:0.002110s ]
SQL: SELECT * FROM `topic` WHERE ( tid =3 ) LIMIT 1   [ RunTime:0.000241s ]
SQL: SELECT * FROM `topic` WHERE ( tid =1 ) LIMIT 1   [ RunTime:0.000173s ]
SQL: SELECT * FROM `topic` WHERE ( tid =5 ) LIMIT 1   [ RunTime:0.000183s ]
SQL: SELECT * FROM `topic` WHERE ( tid =5 ) LIMIT 1   [ RunTime:0.000202s ]
INFO: [ app_end ] --START--
INFO: Run Behavior\ShowPageTrace [ RunTime:0.000744s ]
INFO: [ app_end ] --END-- [ RunTime:0.000811s ]

[ 2017-05-10T19:23:58+08:00 ] 117.118.0.58 /bjtu/
INFO: [ app_begin ] --START--
INFO: Run Behavior\ReadHtmlCache [ RunTime:0.000924s ]
INFO: [ app_begin ] --END-- [ RunTime:0.001482s ]
SQL: SHOW COLUMNS FROM `post` [ RunTime:0.003453s ]
SQL: SHOW COLUMNS FROM `topic` [ RunTime:0.001524s ]
SQL: select type ,pid, content,name ,createtime from 
                  user_post ,user,post 
                  where post.id=user_post.pid 
                  and user.id=user_post.uid; [ RunTime:0.000350s ]
SQL: select answer.content ,likeNumber from answer,post_answer 
                    where answer.id= post_answer.anid 
                  and post_answer.pid= 4 limit 0,1 [ RunTime:0.000215s ]
SQL: select answer.content ,likeNumber from answer,post_answer 
                    where answer.id= post_answer.anid 
                  and post_answer.pid= 5 limit 0,1 [ RunTime:0.000208s ]
SQL: select answer.content ,likeNumber from answer,post_answer 
                    where answer.id= post_answer.anid 
                  and post_answer.pid= 6 limit 0,1 [ RunTime:0.000285s ]
SQL: select answer.content ,likeNumber from answer,post_answer 
                    where answer.id= post_answer.anid 
                  and post_answer.pid= 7 limit 0,1 [ RunTime:0.000203s ]
NOTIC: [8] Undefined offset: 0 C:\phpStudy\WWW\BJTU\Application\Home\Controller\IndexController.class.php 第 15 行.
NOTIC: [8] Undefined offset: 0 C:\phpStudy\WWW\BJTU\Application\Home\Controller\IndexController.class.php 第 16 行.
SQL: SHOW COLUMNS FROM `topic` [ RunTime:0.001742s ]
SQL: SELECT * FROM `topic` WHERE ( tid =3 ) LIMIT 1   [ RunTime:0.000181s ]
SQL: SELECT * FROM `topic` WHERE ( tid =1 ) LIMIT 1   [ RunTime:0.000249s ]
SQL: SELECT * FROM `topic` WHERE ( tid =5 ) LIMIT 1   [ RunTime:0.000226s ]
SQL: SELECT * FROM `topic` WHERE ( tid =5 ) LIMIT 1   [ RunTime:0.000248s ]
INFO: [ app_end ] --START--
INFO: Run Behavior\ShowPageTrace [ RunTime:0.001177s ]
INFO: [ app_end ] --END-- [ RunTime:0.001268s ]

[ 2017-05-10T19:26:01+08:00 ] 117.118.0.58 /BJTU/index.php/home/index
INFO: [ app_begin ] --START--
INFO: Run Behavior\ReadHtmlCache [ RunTime:0.001005s ]
INFO: [ app_begin ] --END-- [ RunTime:0.001606s ]
SQL: SHOW COLUMNS FROM `post` [ RunTime:0.002153s ]
SQL: SHOW COLUMNS FROM `topic` [ RunTime:0.001947s ]
SQL: select type ,pid, content,name ,createtime from 
                  user_post ,user,post 
                  where post.id=user_post.pid 
                  and user.id=user_post.uid; [ RunTime:0.000450s ]
SQL: select answer.content ,likeNumber from answer,post_answer 
                    where answer.id= post_answer.anid 
                  and post_answer.pid= 4 limit 0,1 [ RunTime:0.000286s ]
SQL: select answer.content ,likeNumber from answer,post_answer 
                    where answer.id= post_answer.anid 
                  and post_answer.pid= 5 limit 0,1 [ RunTime:0.000209s ]
SQL: select answer.content ,likeNumber from answer,post_answer 
                    where answer.id= post_answer.anid 
                  and post_answer.pid= 6 limit 0,1 [ RunTime:0.000213s ]
SQL: select answer.content ,likeNumber from answer,post_answer 
                    where answer.id= post_answer.anid 
                  and post_answer.pid= 7 limit 0,1 [ RunTime:0.000176s ]
NOTIC: [8] Undefined offset: 0 C:\phpStudy\WWW\BJTU\Application\Home\Controller\IndexController.class.php 第 15 行.
NOTIC: [8] Undefined offset: 0 C:\phpStudy\WWW\BJTU\Application\Home\Controller\IndexController.class.php 第 16 行.
SQL: SHOW COLUMNS FROM `topic` [ RunTime:0.001829s ]
SQL: SELECT * FROM `topic` WHERE ( tid =3 ) LIMIT 1   [ RunTime:0.000203s ]
SQL: SELECT * FROM `topic` WHERE ( tid =1 ) LIMIT 1   [ RunTime:0.000229s ]
SQL: SELECT * FROM `topic` WHERE ( tid =5 ) LIMIT 1   [ RunTime:0.000194s ]
SQL: SELECT * FROM `topic` WHERE ( tid =5 ) LIMIT 1   [ RunTime:0.000245s ]
INFO: [ app_end ] --START--
INFO: Run Behavior\ShowPageTrace [ RunTime:0.000913s ]
INFO: [ app_end ] --END-- [ RunTime:0.000991s ]

[ 2017-05-10T19:26:25+08:00 ] 117.118.0.58 /BJTU/index.php/home/index
INFO: [ app_begin ] --START--
INFO: Run Behavior\ReadHtmlCache [ RunTime:0.000638s ]
INFO: [ app_begin ] --END-- [ RunTime:0.001044s ]
SQL: SHOW COLUMNS FROM `post` [ RunTime:0.001926s ]
SQL: SHOW COLUMNS FROM `topic` [ RunTime:0.001801s ]
SQL: select type ,pid, content,name ,createtime from 
                  user_post ,user,post 
                  where post.id=user_post.pid 
                  and user.id=user_post.uid; [ RunTime:0.000338s ]
SQL: select answer.content ,likeNumber from answer,post_answer 
                    where answer.id= post_answer.anid 
                  and post_answer.pid= 4 limit 0,1 [ RunTime:0.000210s ]
SQL: select answer.content ,likeNumber from answer,post_answer 
                    where answer.id= post_answer.anid 
                  and post_answer.pid= 5 limit 0,1 [ RunTime:0.000219s ]
SQL: select answer.content ,likeNumber from answer,post_answer 
                    where answer.id= post_answer.anid 
                  and post_answer.pid= 6 limit 0,1 [ RunTime:0.000209s ]
SQL: select answer.content ,likeNumber from answer,post_answer 
                    where answer.id= post_answer.anid 
                  and post_answer.pid= 7 limit 0,1 [ RunTime:0.000204s ]
NOTIC: [8] Undefined offset: 0 C:\phpStudy\WWW\BJTU\Application\Home\Controller\IndexController.class.php 第 15 行.
NOTIC: [8] Undefined offset: 0 C:\phpStudy\WWW\BJTU\Application\Home\Controller\IndexController.class.php 第 16 行.
SQL: SHOW COLUMNS FROM `topic` [ RunTime:0.001375s ]
SQL: SELECT * FROM `topic` WHERE ( tid =3 ) LIMIT 1   [ RunTime:0.000186s ]
SQL: SELECT * FROM `topic` WHERE ( tid =1 ) LIMIT 1   [ RunTime:0.000172s ]
SQL: SELECT * FROM `topic` WHERE ( tid =5 ) LIMIT 1   [ RunTime:0.000214s ]
SQL: SELECT * FROM `topic` WHERE ( tid =5 ) LIMIT 1   [ RunTime:0.000173s ]
INFO: [ app_end ] --START--
INFO: Run Behavior\ShowPageTrace [ RunTime:0.000662s ]
INFO: [ app_end ] --END-- [ RunTime:0.000723s ]

[ 2017-05-10T19:26:36+08:00 ] 117.118.0.58 /BJTU/index.php/home/index
INFO: [ app_begin ] --START--
INFO: Run Behavior\ReadHtmlCache [ RunTime:0.000816s ]
INFO: [ app_begin ] --END-- [ RunTime:0.001434s ]
SQL: SHOW COLUMNS FROM `post` [ RunTime:0.010381s ]
SQL: SHOW COLUMNS FROM `topic` [ RunTime:0.001635s ]
SQL: select type ,pid, content,name ,createtime from 
                  user_post ,user,post 
                  where post.id=user_post.pid 
                  and user.id=user_post.uid; [ RunTime:0.000328s ]
SQL: select answer.content ,likeNumber from answer,post_answer 
                    where answer.id= post_answer.anid 
                  and post_answer.pid= 4 limit 0,1 [ RunTime:0.000205s ]
SQL: select answer.content ,likeNumber from answer,post_answer 
                    where answer.id= post_answer.anid 
                  and post_answer.pid= 5 limit 0,1 [ RunTime:0.000201s ]
SQL: select answer.content ,likeNumber from answer,post_answer 
                    where answer.id= post_answer.anid 
                  and post_answer.pid= 6 limit 0,1 [ RunTime:0.000194s ]
SQL: select answer.content ,likeNumber from answer,post_answer 
                    where answer.id= post_answer.anid 
                  and post_answer.pid= 7 limit 0,1 [ RunTime:0.000235s ]
NOTIC: [8] Undefined offset: 0 C:\phpStudy\WWW\BJTU\Application\Home\Controller\IndexController.class.php 第 15 行.
NOTIC: [8] Undefined offset: 0 C:\phpStudy\WWW\BJTU\Application\Home\Controller\IndexController.class.php 第 16 行.
SQL: SHOW COLUMNS FROM `topic` [ RunTime:0.001414s ]
SQL: SELECT * FROM `topic` WHERE ( tid =3 ) LIMIT 1   [ RunTime:0.000189s ]
SQL: SELECT * FROM `topic` WHERE ( tid =1 ) LIMIT 1   [ RunTime:0.000175s ]
SQL: SELECT * FROM `topic` WHERE ( tid =5 ) LIMIT 1   [ RunTime:0.000160s ]
SQL: SELECT * FROM `topic` WHERE ( tid =5 ) LIMIT 1   [ RunTime:0.000166s ]
INFO: [ app_end ] --START--
INFO: Run Behavior\ShowPageTrace [ RunTime:0.000708s ]
INFO: [ app_end ] --END-- [ RunTime:0.000769s ]

[ 2017-05-10T19:27:02+08:00 ] 117.118.0.58 /BJTU/index.php/home/index
INFO: [ app_begin ] --START--
INFO: Run Behavior\ReadHtmlCache [ RunTime:0.001168s ]
INFO: [ app_begin ] --END-- [ RunTime:0.001783s ]
SQL: SHOW COLUMNS FROM `post` [ RunTime:0.001674s ]
SQL: SHOW COLUMNS FROM `topic` [ RunTime:0.001995s ]
SQL: select type ,pid, content,name ,createtime from 
                  user_post ,user,post 
                  where post.id=user_post.pid 
                  and user.id=user_post.uid; [ RunTime:0.000395s ]
SQL: select answer.content ,likeNumber from answer,post_answer 
                    where answer.id= post_answer.anid 
                  and post_answer.pid= 4 limit 0,1 [ RunTime:0.000226s ]
SQL: select answer.content ,likeNumber from answer,post_answer 
                    where answer.id= post_answer.anid 
                  and post_answer.pid= 5 limit 0,1 [ RunTime:0.000224s ]
SQL: select answer.content ,likeNumber from answer,post_answer 
                    where answer.id= post_answer.anid 
                  and post_answer.pid= 6 limit 0,1 [ RunTime:0.000256s ]
SQL: select answer.content ,likeNumber from answer,post_answer 
                    where answer.id= post_answer.anid 
                  and post_answer.pid= 7 limit 0,1 [ RunTime:0.000220s ]
NOTIC: [8] Undefined offset: 0 C:\phpStudy\WWW\BJTU\Application\Home\Controller\IndexController.class.php 第 15 行.
NOTIC: [8] Undefined offset: 0 C:\phpStudy\WWW\BJTU\Application\Home\Controller\IndexController.class.php 第 16 行.
SQL: SHOW COLUMNS FROM `topic` [ RunTime:0.001524s ]
SQL: SELECT * FROM `topic` WHERE ( tid =3 ) LIMIT 1   [ RunTime:0.000245s ]
SQL: SELECT * FROM `topic` WHERE ( tid =1 ) LIMIT 1   [ RunTime:0.000226s ]
SQL: SELECT * FROM `topic` WHERE ( tid =5 ) LIMIT 1   [ RunTime:0.000178s ]
SQL: SELECT * FROM `topic` WHERE ( tid =5 ) LIMIT 1   [ RunTime:0.000173s ]
INFO: [ app_end ] --START--
INFO: Run Behavior\ShowPageTrace [ RunTime:0.000718s ]
INFO: [ app_end ] --END-- [ RunTime:0.000786s ]

[ 2017-05-10T19:27:14+08:00 ] 117.118.0.58 /BJTU/index.php/home/index
INFO: [ app_begin ] --START--
INFO: Run Behavior\ReadHtmlCache [ RunTime:0.001004s ]
INFO: [ app_begin ] --END-- [ RunTime:0.001582s ]
SQL: SHOW COLUMNS FROM `post` [ RunTime:0.002404s ]
SQL: SHOW COLUMNS FROM `topic` [ RunTime:0.002323s ]
SQL: select type ,pid, content,name ,createtime from 
                  user_post ,user,post 
                  where post.id=user_post.pid 
                  and user.id=user_post.uid; [ RunTime:0.000483s ]
SQL: select answer.content ,likeNumber from answer,post_answer 
                    where answer.id= post_answer.anid 
                  and post_answer.pid= 4 limit 0,1 [ RunTime:0.000298s ]
SQL: select answer.content ,likeNumber from answer,post_answer 
                    where answer.id= post_answer.anid 
                  and post_answer.pid= 5 limit 0,1 [ RunTime:0.000315s ]
SQL: select answer.content ,likeNumber from answer,post_answer 
                    where answer.id= post_answer.anid 
                  and post_answer.pid= 6 limit 0,1 [ RunTime:0.000284s ]
SQL: select answer.content ,likeNumber from answer,post_answer 
                    where answer.id= post_answer.anid 
                  and post_answer.pid= 7 limit 0,1 [ RunTime:0.000262s ]
NOTIC: [8] Undefined offset: 0 C:\phpStudy\WWW\BJTU\Application\Home\Controller\IndexController.class.php 第 15 行.
NOTIC: [8] Undefined offset: 0 C:\phpStudy\WWW\BJTU\Application\Home\Controller\IndexController.class.php 第 16 行.
SQL: SHOW COLUMNS FROM `topic` [ RunTime:0.002236s ]
SQL: SELECT * FROM `topic` WHERE ( tid =3 ) LIMIT 1   [ RunTime:0.000282s ]
SQL: SELECT * FROM `topic` WHERE ( tid =1 ) LIMIT 1   [ RunTime:0.000244s ]
SQL: SELECT * FROM `topic` WHERE ( tid =5 ) LIMIT 1   [ RunTime:0.000234s ]
SQL: SELECT * FROM `topic` WHERE ( tid =5 ) LIMIT 1   [ RunTime:0.000240s ]
INFO: [ app_end ] --START--
INFO: Run Behavior\ShowPageTrace [ RunTime:0.001284s ]
INFO: [ app_end ] --END-- [ RunTime:0.001378s ]

[ 2017-05-10T19:28:37+08:00 ] 117.118.0.58 /BJTU/index.php/home/index
INFO: [ app_begin ] --START--
INFO: Run Behavior\ReadHtmlCache [ RunTime:0.000850s ]
INFO: [ app_begin ] --END-- [ RunTime:0.001337s ]
SQL: SHOW COLUMNS FROM `post` [ RunTime:0.009082s ]
SQL: SHOW COLUMNS FROM `topic` [ RunTime:0.002126s ]
SQL: select type ,pid, content,name ,createtime from 
                  user_post ,user,post 
                  where post.id=user_post.pid 
                  and user.id=user_post.uid; [ RunTime:0.000476s ]
SQL: select answer.content ,likeNumber from answer,post_answer 
                    where answer.id= post_answer.anid 
                  and post_answer.pid= 4 limit 0,1 [ RunTime:0.000265s ]
SQL: select answer.content ,likeNumber from answer,post_answer 
                    where answer.id= post_answer.anid 
                  and post_answer.pid= 5 limit 0,1 [ RunTime:0.000241s ]
SQL: select answer.content ,likeNumber from answer,post_answer 
                    where answer.id= post_answer.anid 
                  and post_answer.pid= 6 limit 0,1 [ RunTime:0.000250s ]
SQL: select answer.content ,likeNumber from answer,post_answer 
                    where answer.id= post_answer.anid 
                  and post_answer.pid= 7 limit 0,1 [ RunTime:0.000222s ]
NOTIC: [8] Undefined offset: 0 C:\phpStudy\WWW\BJTU\Application\Home\Controller\IndexController.class.php 第 15 行.
NOTIC: [8] Undefined offset: 0 C:\phpStudy\WWW\BJTU\Application\Home\Controller\IndexController.class.php 第 16 行.
SQL: SHOW COLUMNS FROM `topic` [ RunTime:0.001830s ]
SQL: SELECT * FROM `topic` WHERE ( tid =3 ) LIMIT 1   [ RunTime:0.000238s ]
SQL: SELECT * FROM `topic` WHERE ( tid =1 ) LIMIT 1   [ RunTime:0.000213s ]
SQL: SELECT * FROM `topic` WHERE ( tid =5 ) LIMIT 1   [ RunTime:0.000202s ]
SQL: SELECT * FROM `topic` WHERE ( tid =5 ) LIMIT 1   [ RunTime:0.000209s ]
INFO: [ app_end ] --START--
INFO: Run Behavior\ShowPageTrace [ RunTime:0.001032s ]
INFO: [ app_end ] --END-- [ RunTime:0.001121s ]

[ 2017-05-10T19:30:24+08:00 ] 117.118.0.58 /BJTU/index.php/home/index
INFO: [ app_begin ] --START--
INFO: Run Behavior\ReadHtmlCache [ RunTime:0.000690s ]
INFO: [ app_begin ] --END-- [ RunTime:0.001207s ]
SQL: SHOW COLUMNS FROM `post` [ RunTime:0.001885s ]
SQL: SHOW COLUMNS FROM `topic` [ RunTime:0.001413s ]
SQL: select type ,pid, content,name ,createtime from 
                  user_post ,user,post 
                  where post.id=user_post.pid 
                  and user.id=user_post.uid; [ RunTime:0.000327s ]
SQL: select answer.content ,likeNumber from answer,post_answer 
                    where answer.id= post_answer.anid 
                  and post_answer.pid= 4 limit 0,1 [ RunTime:0.000231s ]
SQL: select answer.content ,likeNumber from answer,post_answer 
                    where answer.id= post_answer.anid 
                  and post_answer.pid= 5 limit 0,1 [ RunTime:0.000196s ]
SQL: select answer.content ,likeNumber from answer,post_answer 
                    where answer.id= post_answer.anid 
                  and post_answer.pid= 6 limit 0,1 [ RunTime:0.000198s ]
SQL: select answer.content ,likeNumber from answer,post_answer 
                    where answer.id= post_answer.anid 
                  and post_answer.pid= 7 limit 0,1 [ RunTime:0.000183s ]
NOTIC: [8] Undefined offset: 0 C:\phpStudy\WWW\BJTU\Application\Home\Controller\IndexController.class.php 第 15 行.
NOTIC: [8] Undefined offset: 0 C:\phpStudy\WWW\BJTU\Application\Home\Controller\IndexController.class.php 第 16 行.
SQL: SHOW COLUMNS FROM `topic` [ RunTime:0.001465s ]
SQL: SELECT * FROM `topic` WHERE ( tid =3 ) LIMIT 1   [ RunTime:0.000221s ]
SQL: SELECT * FROM `topic` WHERE ( tid =1 ) LIMIT 1   [ RunTime:0.000186s ]
SQL: SELECT * FROM `topic` WHERE ( tid =5 ) LIMIT 1   [ RunTime:0.000168s ]
SQL: SELECT * FROM `topic` WHERE ( tid =5 ) LIMIT 1   [ RunTime:0.000207s ]
INFO: [ app_end ] --START--
INFO: Run Behavior\ShowPageTrace [ RunTime:0.000655s ]
INFO: [ app_end ] --END-- [ RunTime:0.000716s ]

[ 2017-05-10T19:31:25+08:00 ] 223.72.90.236 /bjtu/
INFO: [ app_begin ] --START--
INFO: Run Behavior\ReadHtmlCache [ RunTime:0.000746s ]
INFO: [ app_begin ] --END-- [ RunTime:0.001249s ]
SQL: SHOW COLUMNS FROM `post` [ RunTime:0.002026s ]
SQL: SHOW COLUMNS FROM `topic` [ RunTime:0.001883s ]
SQL: select type ,pid, content,name ,createtime from 
                  user_post ,user,post 
                  where post.id=user_post.pid 
                  and user.id=user_post.uid; [ RunTime:0.000412s ]
SQL: select answer.content ,likeNumber from answer,post_answer 
                    where answer.id= post_answer.anid 
                  and post_answer.pid= 4 limit 0,1 [ RunTime:0.000263s ]
SQL: select answer.content ,likeNumber from answer,post_answer 
                    where answer.id= post_answer.anid 
                  and post_answer.pid= 5 limit 0,1 [ RunTime:0.000255s ]
SQL: select answer.content ,likeNumber from answer,post_answer 
                    where answer.id= post_answer.anid 
                  and post_answer.pid= 6 limit 0,1 [ RunTime:0.000256s ]
SQL: select answer.content ,likeNumber from answer,post_answer 
                    where answer.id= post_answer.anid 
                  and post_answer.pid= 7 limit 0,1 [ RunTime:0.000239s ]
SQL: SHOW COLUMNS FROM `topic` [ RunTime:0.001659s ]
SQL: SELECT * FROM `topic` WHERE ( tid =3 ) LIMIT 1   [ RunTime:0.000188s ]
SQL: SELECT * FROM `topic` WHERE ( tid =1 ) LIMIT 1   [ RunTime:0.000161s ]
SQL: SELECT * FROM `topic` WHERE ( tid =5 ) LIMIT 1   [ RunTime:0.000157s ]
SQL: SELECT * FROM `topic` WHERE ( tid =5 ) LIMIT 1   [ RunTime:0.000156s ]
INFO: [ app_end ] --START--
INFO: Run Behavior\ShowPageTrace [ RunTime:0.000731s ]
INFO: [ app_end ] --END-- [ RunTime:0.000791s ]

[ 2017-05-10T19:31:30+08:00 ] 218.247.253.192 /BJTU/index.php/home/index
INFO: [ app_begin ] --START--
INFO: Run Behavior\ReadHtmlCache [ RunTime:0.000899s ]
INFO: [ app_begin ] --END-- [ RunTime:0.001447s ]
SQL: SHOW COLUMNS FROM `post` [ RunTime:0.001698s ]
SQL: SHOW COLUMNS FROM `topic` [ RunTime:0.001340s ]
SQL: select type ,pid, content,name ,createtime from 
                  user_post ,user,post 
                  where post.id=user_post.pid 
                  and user.id=user_post.uid; [ RunTime:0.000340s ]
SQL: select answer.content ,likeNumber from answer,post_answer 
                    where answer.id= post_answer.anid 
                  and post_answer.pid= 4 limit 0,1 [ RunTime:0.000250s ]
SQL: select answer.content ,likeNumber from answer,post_answer 
                    where answer.id= post_answer.anid 
                  and post_answer.pid= 5 limit 0,1 [ RunTime:0.000207s ]
SQL: select answer.content ,likeNumber from answer,post_answer 
                    where answer.id= post_answer.anid 
                  and post_answer.pid= 6 limit 0,1 [ RunTime:0.000190s ]
SQL: select answer.content ,likeNumber from answer,post_answer 
                    where answer.id= post_answer.anid 
                  and post_answer.pid= 7 limit 0,1 [ RunTime:0.000181s ]
SQL: SHOW COLUMNS FROM `topic` [ RunTime:0.001880s ]
SQL: SELECT * FROM `topic` WHERE ( tid =3 ) LIMIT 1   [ RunTime:0.000253s ]
SQL: SELECT * FROM `topic` WHERE ( tid =1 ) LIMIT 1   [ RunTime:0.000210s ]
SQL: SELECT * FROM `topic` WHERE ( tid =5 ) LIMIT 1   [ RunTime:0.000164s ]
SQL: SELECT * FROM `topic` WHERE ( tid =5 ) LIMIT 1   [ RunTime:0.000163s ]
INFO: [ app_end ] --START--
INFO: Run Behavior\ShowPageTrace [ RunTime:0.000698s ]
INFO: [ app_end ] --END-- [ RunTime:0.000761s ]

[ 2017-05-10T19:33:41+08:00 ] 223.72.90.236 /bjtu/
INFO: [ app_begin ] --START--
INFO: Run Behavior\ReadHtmlCache [ RunTime:0.000703s ]
INFO: [ app_begin ] --END-- [ RunTime:0.001148s ]
SQL: SHOW COLUMNS FROM `post` [ RunTime:0.001628s ]
SQL: SHOW COLUMNS FROM `topic` [ RunTime:0.001930s ]
SQL: select type ,pid, content,name ,createtime from 
                  user_post ,user,post 
                  where post.id=user_post.pid 
                  and user.id=user_post.uid; [ RunTime:0.000371s ]
SQL: select answer.content ,likeNumber from answer,post_answer 
                    where answer.id= post_answer.anid 
                  and post_answer.pid= 4 limit 0,1 [ RunTime:0.000279s ]
SQL: select answer.content ,likeNumber from answer,post_answer 
                    where answer.id= post_answer.anid 
                  and post_answer.pid= 5 limit 0,1 [ RunTime:0.000198s ]
SQL: select answer.content ,likeNumber from answer,post_answer 
                    where answer.id= post_answer.anid 
                  and post_answer.pid= 6 limit 0,1 [ RunTime:0.000199s ]
SQL: select answer.content ,likeNumber from answer,post_answer 
                    where answer.id= post_answer.anid 
                  and post_answer.pid= 7 limit 0,1 [ RunTime:0.000197s ]
SQL: SHOW COLUMNS FROM `topic` [ RunTime:0.001376s ]
SQL: SELECT * FROM `topic` WHERE ( tid =3 ) LIMIT 1   [ RunTime:0.000198s ]
SQL: SELECT * FROM `topic` WHERE ( tid =1 ) LIMIT 1   [ RunTime:0.000169s ]
SQL: SELECT * FROM `topic` WHERE ( tid =5 ) LIMIT 1   [ RunTime:0.000162s ]
SQL: SELECT * FROM `topic` WHERE ( tid =5 ) LIMIT 1   [ RunTime:0.000186s ]
INFO: [ app_end ] --START--
INFO: Run Behavior\ShowPageTrace [ RunTime:0.000708s ]
INFO: [ app_end ] --END-- [ RunTime:0.000770s ]

[ 2017-05-10T19:33:53+08:00 ] 117.118.0.58 /BJTU/index.php/home/index
INFO: [ app_begin ] --START--
INFO: Run Behavior\ReadHtmlCache [ RunTime:0.000788s ]
INFO: [ app_begin ] --END-- [ RunTime:0.001344s ]
SQL: SHOW COLUMNS FROM `post` [ RunTime:0.006972s ]
SQL: SHOW COLUMNS FROM `topic` [ RunTime:0.002100s ]
SQL: select type ,pid, content,name ,createtime from 
                  user_post ,user,post 
                  where post.id=user_post.pid 
                  and user.id=user_post.uid; [ RunTime:0.000452s ]
SQL: select answer.content ,likeNumber from answer,post_answer 
                    where answer.id= post_answer.anid 
                  and post_answer.pid= 4 limit 0,1 [ RunTime:0.000284s ]
SQL: select answer.content ,likeNumber from answer,post_answer 
                    where answer.id= post_answer.anid 
                  and post_answer.pid= 5 limit 0,1 [ RunTime:0.000264s ]
SQL: select answer.content ,likeNumber from answer,post_answer 
                    where answer.id= post_answer.anid 
                  and post_answer.pid= 6 limit 0,1 [ RunTime:0.000282s ]
SQL: select answer.content ,likeNumber from answer,post_answer 
                    where answer.id= post_answer.anid 
                  and post_answer.pid= 7 limit 0,1 [ RunTime:0.000195s ]
SQL: SHOW COLUMNS FROM `topic` [ RunTime:0.001596s ]
SQL: SELECT * FROM `topic` WHERE ( tid =3 ) LIMIT 1   [ RunTime:0.000237s ]
SQL: SELECT * FROM `topic` WHERE ( tid =1 ) LIMIT 1   [ RunTime:0.000190s ]
SQL: SELECT * FROM `topic` WHERE ( tid =5 ) LIMIT 1   [ RunTime:0.000177s ]
SQL: SELECT * FROM `topic` WHERE ( tid =5 ) LIMIT 1   [ RunTime:0.000163s ]
INFO: [ app_end ] --START--
INFO: Run Behavior\ShowPageTrace [ RunTime:0.000896s ]
INFO: [ app_end ] --END-- [ RunTime:0.000978s ]

[ 2017-05-10T19:33:59+08:00 ] 117.118.0.58 /BJTU/index.php/home/index
INFO: [ app_begin ] --START--
INFO: Run Behavior\ReadHtmlCache [ RunTime:0.000710s ]
INFO: [ app_begin ] --END-- [ RunTime:0.001243s ]
SQL: SHOW COLUMNS FROM `post` [ RunTime:0.001757s ]
SQL: SHOW COLUMNS FROM `topic` [ RunTime:0.001580s ]
SQL: select type ,pid, content,name ,createtime from 
                  user_post ,user,post 
                  where post.id=user_post.pid 
                  and user.id=user_post.uid; [ RunTime:0.000412s ]
SQL: select answer.content ,likeNumber from answer,post_answer 
                    where answer.id= post_answer.anid 
                  and post_answer.pid= 4 limit 0,1 [ RunTime:0.000234s ]
SQL: select answer.content ,likeNumber from answer,post_answer 
                    where answer.id= post_answer.anid 
                  and post_answer.pid= 5 limit 0,1 [ RunTime:0.000195s ]
SQL: select answer.content ,likeNumber from answer,post_answer 
                    where answer.id= post_answer.anid 
                  and post_answer.pid= 6 limit 0,1 [ RunTime:0.000262s ]
SQL: select answer.content ,likeNumber from answer,post_answer 
                    where answer.id= post_answer.anid 
                  and post_answer.pid= 7 limit 0,1 [ RunTime:0.000206s ]
SQL: SHOW COLUMNS FROM `topic` [ RunTime:0.001608s ]
SQL: SELECT * FROM `topic` WHERE ( tid =3 ) LIMIT 1   [ RunTime:0.000236s ]
SQL: SELECT * FROM `topic` WHERE ( tid =1 ) LIMIT 1   [ RunTime:0.000175s ]
SQL: SELECT * FROM `topic` WHERE ( tid =5 ) LIMIT 1   [ RunTime:0.000187s ]
SQL: SELECT * FROM `topic` WHERE ( tid =5 ) LIMIT 1   [ RunTime:0.000187s ]
INFO: [ app_end ] --START--
INFO: Run Behavior\ShowPageTrace [ RunTime:0.000693s ]
INFO: [ app_end ] --END-- [ RunTime:0.000755s ]

